This is XeTeX, Version 3.1415926-2.4-0.9998 (TeX Live 2012) (format=xelatex 2013.9.18)  26 JAN 2015 12:51
entering extended mode
 restricted \write18 enabled.
 %&-line parsing enabled.
**thesis.tex
(./thesis.tex
LaTeX2e <2011/06/27>
Babel <v3.8m> and hyphenation patterns for english, dumylang, nohyphenation, ge
rman-x-2012-05-30, ngerman-x-2012-05-30, afrikaans, ancientgreek, ibycus, arabi
c, armenian, basque, bulgarian, catalan, pinyin, coptic, croatian, czech, danis
h, dutch, ukenglish, usenglishmax, esperanto, estonian, ethiopic, farsi, finnis
h, french, friulan, galician, german, ngerman, swissgerman, monogreek, greek, h
ungarian, icelandic, assamese, bengali, gujarati, hindi, kannada, malayalam, ma
rathi, oriya, panjabi, tamil, telugu, indonesian, interlingua, irish, italian, 
kurmanji, latin, latvian, lithuanian, mongolian, mongolianlmc, bokmal, nynorsk,
 polish, portuguese, romanian, romansh, russian, sanskrit, serbian, serbianc, s
lovak, slovenian, spanish, swedish, turkish, turkmen, ukrainian, uppersorbian, 
welsh, loaded.
(/usr/local/texlive/2012/texmf-dist/tex/latex/base/book.cls
Document Class: book 2007/10/19 v1.4h Standard LaTeX document class
(/usr/local/texlive/2012/texmf-dist/tex/latex/base/bk11.clo
File: bk11.clo 2007/10/19 v1.4h Standard LaTeX file (size option)
)
\c@part=\count80
\c@chapter=\count81
\c@section=\count82
\c@subsection=\count83
\c@subsubsection=\count84
\c@paragraph=\count85
\c@subparagraph=\count86
\c@figure=\count87
\c@table=\count88
\abovecaptionskip=\skip41
\belowcaptionskip=\skip42
\bibindent=\dimen102
)
(./styles/common.tex
(/usr/local/texlive/2012/texmf-dist/tex/latex/amsfonts/amssymb.sty
Package: amssymb 2009/06/22 v3.00

(/usr/local/texlive/2012/texmf-dist/tex/latex/amsfonts/amsfonts.sty
Package: amsfonts 2009/06/22 v3.00 Basic AMSFonts support
\@emptytoks=\toks14
\symAMSa=\mathgroup4
\symAMSb=\mathgroup5
LaTeX Font Info:    Overwriting math alphabet `\mathfrak' in version `bold'
(Font)                  U/euf/m/n --> U/euf/b/n on input line 96.
))
(/usr/local/texlive/2012/texmf-dist/tex/latex/amsmath/amsmath.sty
Package: amsmath 2000/07/18 v2.13 AMS math features
\@mathmargin=\skip43

For additional information on amsmath, use the `?' option.
(/usr/local/texlive/2012/texmf-dist/tex/latex/amsmath/amstext.sty
Package: amstext 2000/06/29 v2.01

(/usr/local/texlive/2012/texmf-dist/tex/latex/amsmath/amsgen.sty
File: amsgen.sty 1999/11/30 v2.0
\@emptytoks=\toks15
\ex@=\dimen103
))
(/usr/local/texlive/2012/texmf-dist/tex/latex/amsmath/amsbsy.sty
Package: amsbsy 1999/11/29 v1.2d
\pmbraise@=\dimen104
)
(/usr/local/texlive/2012/texmf-dist/tex/latex/amsmath/amsopn.sty
Package: amsopn 1999/12/14 v2.01 operator names
)
\inf@bad=\count89
LaTeX Info: Redefining \frac on input line 211.
\uproot@=\count90
\leftroot@=\count91
LaTeX Info: Redefining \overline on input line 307.
\classnum@=\count92
\DOTSCASE@=\count93
LaTeX Info: Redefining \ldots on input line 379.
LaTeX Info: Redefining \dots on input line 382.
LaTeX Info: Redefining \cdots on input line 467.
\Mathstrutbox@=\box26
\strutbox@=\box27
\big@size=\dimen105
LaTeX Font Info:    Redeclaring font encoding OML on input line 567.
LaTeX Font Info:    Redeclaring font encoding OMS on input line 568.
\macc@depth=\count94
\c@MaxMatrixCols=\count95
\dotsspace@=\muskip10
\c@parentequation=\count96
\dspbrk@lvl=\count97
\tag@help=\toks16
\row@=\count98
\column@=\count99
\maxfields@=\count100
\andhelp@=\toks17
\eqnshift@=\dimen106
\alignsep@=\dimen107
\tagshift@=\dimen108
\tagwidth@=\dimen109
\totwidth@=\dimen110
\lineht@=\dimen111
\@envbody=\toks18
\multlinegap=\skip44
\multlinetaggap=\skip45
\mathdisplay@stack=\toks19
LaTeX Info: Redefining \[ on input line 2666.
LaTeX Info: Redefining \] on input line 2667.
)
(/usr/local/texlive/2012/texmf-dist/tex/latex/hyperref/hyperref.sty
Package: hyperref 2012/05/13 v6.82q Hypertext links for LaTeX

(/usr/local/texlive/2012/texmf-dist/tex/generic/oberdiek/hobsub-hyperref.sty
Package: hobsub-hyperref 2012/05/28 v1.13 Bundle oberdiek, subset hyperref (HO)


(/usr/local/texlive/2012/texmf-dist/tex/generic/oberdiek/hobsub-generic.sty
Package: hobsub-generic 2012/05/28 v1.13 Bundle oberdiek, subset generic (HO)
Package: hobsub 2012/05/28 v1.13 Construct package bundles (HO)
Package: infwarerr 2010/04/08 v1.3 Providing info/warning/error messages (HO)
Package: ltxcmds 2011/11/09 v1.22 LaTeX kernel commands for general use (HO)
Package: ifluatex 2010/03/01 v1.3 Provides the ifluatex switch (HO)
Package ifluatex Info: LuaTeX not detected.
Package: ifvtex 2010/03/01 v1.5 Detect VTeX and its facilities (HO)
Package ifvtex Info: VTeX not detected.
Package: intcalc 2007/09/27 v1.1 Expandable calculations with integers (HO)
Package: ifpdf 2011/01/30 v2.3 Provides the ifpdf switch (HO)
Package ifpdf Info: pdfTeX in PDF mode is not detected.
Package: etexcmds 2011/02/16 v1.5 Avoid name clashes with e-TeX commands (HO)
Package etexcmds Info: Could not find \expanded.
(etexcmds)             That can mean that you are not using pdfTeX 1.50 or
(etexcmds)             that some package has redefined \expanded.
(etexcmds)             In the latter case, load this package earlier.
Package: kvsetkeys 2012/04/25 v1.16 Key value parser (HO)
Package: kvdefinekeys 2011/04/07 v1.3 Define keys (HO)
Package: pdftexcmds 2011/11/29 v0.20 Utility functions of pdfTeX for LuaTeX (HO
)
Package pdftexcmds Info: LuaTeX not detected.
Package pdftexcmds Info: pdfTeX >= 1.30 not detected.
Package pdftexcmds Info: \pdf@primitive is available.
Package pdftexcmds Info: \pdf@ifprimitive is available.
Package pdftexcmds Info: \pdfdraftmode not found.
Package: pdfescape 2011/11/25 v1.13 Implements pdfTeX's escape features (HO)
Package: bigintcalc 2012/04/08 v1.3 Expandable calculations on big integers (HO
)
Package: bitset 2011/01/30 v1.1 Handle bit-vector datatype (HO)
Package: uniquecounter 2011/01/30 v1.2 Provide unlimited unique counter (HO)
)
Package hobsub Info: Skipping package `hobsub' (already loaded).
Package: letltxmacro 2010/09/02 v1.4 Let assignment for LaTeX macros (HO)
Package: hopatch 2012/05/28 v1.2 Wrapper for package hooks (HO)
Package: xcolor-patch 2011/01/30 xcolor patch
Package: atveryend 2011/06/30 v1.8 Hooks at the very end of document (HO)
Package atveryend Info: \enddocument detected (standard20110627).
Package: atbegshi 2011/10/05 v1.16 At begin shipout hook (HO)
Package: refcount 2011/10/16 v3.4 Data extraction from label references (HO)
Package: hycolor 2011/01/30 v1.7 Color options for hyperref/bookmark (HO)
)
(/usr/local/texlive/2012/texmf-dist/tex/latex/graphics/keyval.sty
Package: keyval 1999/03/16 v1.13 key=value parser (DPC)
\KV@toks@=\toks20
)
(/usr/local/texlive/2012/texmf-dist/tex/generic/ifxetex/ifxetex.sty
Package: ifxetex 2010/09/12 v0.6 Provides ifxetex conditional
)
(/usr/local/texlive/2012/texmf-dist/tex/latex/oberdiek/kvoptions.sty
Package: kvoptions 2011/06/30 v3.11 Key value format for package options (HO)
)
\@linkdim=\dimen112
\Hy@linkcounter=\count101
\Hy@pagecounter=\count102

(/usr/local/texlive/2012/texmf-dist/tex/latex/hyperref/pd1enc.def
File: pd1enc.def 2012/05/13 v6.82q Hyperref: PDFDocEncoding definition (HO)
)
\Hy@SavedSpaceFactor=\count103

(/usr/local/texlive/2012/texmf-dist/tex/xelatex/xetexconfig/hyperref.cfg
File: hyperref.cfg 2008/07/11 v1.2 hyperref configuration for XeLaTeX
)
Package hyperref Info: Option `colorlinks' set `true' on input line 3941.
Package hyperref Info: Hyper figures OFF on input line 4062.
Package hyperref Info: Link nesting OFF on input line 4067.
Package hyperref Info: Hyper index ON on input line 4070.
Package hyperref Info: Plain pages OFF on input line 4077.
Package hyperref Info: Backreferencing OFF on input line 4082.
Package hyperref Info: Implicit mode ON; LaTeX internals redefined.
Package hyperref Info: Bookmarks ON on input line 4300.
\c@Hy@tempcnt=\count104

(/usr/local/texlive/2012/texmf-dist/tex/latex/url/url.sty
\Urlmuskip=\muskip11
Package: url 2006/04/12  ver 3.3  Verb mode for urls, etc.
)
LaTeX Info: Redefining \url on input line 4653.
\Fld@menulength=\count105
\Field@Width=\dimen113
\Fld@charsize=\dimen114
Package hyperref Info: Hyper figures OFF on input line 5773.
Package hyperref Info: Link nesting OFF on input line 5778.
Package hyperref Info: Hyper index ON on input line 5781.
Package hyperref Info: backreferencing OFF on input line 5788.
Package hyperref Info: Link coloring ON on input line 5791.
Package hyperref Info: Link coloring with OCG OFF on input line 5798.
Package hyperref Info: PDF/A mode OFF on input line 5803.
LaTeX Info: Redefining \ref on input line 5843.
LaTeX Info: Redefining \pageref on input line 5847.
\Hy@abspage=\count106
\c@Item=\count107
\c@Hfootnote=\count108
)

Package hyperref Message: Driver (autodetected): hxetex.

(/usr/local/texlive/2012/texmf-dist/tex/latex/hyperref/hxetex.def
File: hxetex.def 2012/05/13 v6.82q Hyperref driver for XeTeX

(/usr/local/texlive/2012/texmf-dist/tex/latex/hyperref/puenc.def
File: puenc.def 2012/05/13 v6.82q Hyperref: PDF Unicode definition (HO)
)
(/usr/local/texlive/2012/texmf-dist/tex/generic/oberdiek/stringenc.sty
Package: stringenc 2011/12/02 v1.10 Convert strings between diff. encodings (HO
)
)
\pdfm@box=\box28
\c@Hy@AnnotLevel=\count109
\HyField@AnnotCount=\count110
\Fld@listcount=\count111
\c@bookmark@seq@number=\count112

(/usr/local/texlive/2012/texmf-dist/tex/latex/oberdiek/rerunfilecheck.sty
Package: rerunfilecheck 2011/04/15 v1.7 Rerun checks for auxiliary files (HO)
Package rerunfilecheck Info: Feature \pdfmdfivesum is not available
(rerunfilecheck)             (e.g. pdfTeX or LuaTeX with package `pdftexcmds').

(rerunfilecheck)             Therefore file contents cannot be checked efficien
tly
(rerunfilecheck)             and the loading of the package is aborted.
)
\Hy@SectionHShift=\skip46
)
(/usr/local/texlive/2012/texmf-dist/tex/latex/pstricks/pstricks.sty
Package: pstricks 2011/10/31 v0.52 LaTeX wrapper for `PSTricks' (RN,HV)

(/usr/local/texlive/2012/texmf-dist/tex/generic/pstricks/pstricks.tex
(/usr/local/texlive/2012/texmf-dist/tex/generic/xkeyval/pst-xkey.tex
File: pst-xkey.tex 2005/11/25 v1.6 PSTricks specialization of xkeyval (HA)

(/usr/local/texlive/2012/texmf-dist/tex/latex/xkeyval/xkeyval.sty
Package: xkeyval 2008/08/13 v2.6a package option processing (HA)

(/usr/local/texlive/2012/texmf-dist/tex/generic/xkeyval/xkeyval.tex
\XKV@toks=\toks21
\XKV@tempa@toks=\toks22
\XKV@depth=\count113
File: xkeyval.tex 2008/08/13 v2.6a key=value parser (HA)
)))
(/usr/local/texlive/2012/texmf-dist/tex/generic/pstricks/pst-fp.tex
`pst-fp' v0.05, 2010/01/17 (hv)
\pstFP@xs=\count114
\pstFP@xia=\count115
\pstFP@xib=\count116
\pstFP@xfa=\count117
\pstFP@xfb=\count118
\pstFP@rega=\count119
\pstFP@regb=\count120
\pstFP@regs=\count121
\pstFP@times=\count122
)
\psLoopIndex=\count123

`PSTricks' v2.29  <2012/06/04> (tvz)
\pst@dima=\dimen115
\pst@dimb=\dimen116
\pst@dimc=\dimen117
\pst@dimd=\dimen118
\pst@dimg=\dimen119
\pst@dimh=\dimen120
\pst@dimm=\dimen121
\pst@dimn=\dimen122
\pst@dimo=\dimen123
\pst@dimp=\dimen124
\pst@hbox=\box29
\pst@ibox=\box30
\pst@boxg=\box31
\pst@cnta=\count124
\pst@cntb=\count125
\pst@cntc=\count126
\pst@cntd=\count127
\pst@cntg=\count128
\pst@cnth=\count129
\pst@cntm=\count130
\pst@cntn=\count131
\pst@cnto=\count132
\pst@cntp=\count133
\@zero=\count134
\pst@toks=\toks23
(/usr/local/texlive/2012/texmf-dist/tex/xelatex/xetex-pstricks/pstricks.con
(/usr/local/texlive/2012/texmf-dist/tex/generic/pstricks/config/xdvipdfmx.cfg))
\psunit=\dimen125
\psxunit=\dimen126
\psyunit=\dimen127
\pst@C@@rType=\count135
\pslinewidth=\dimen128
\psk@startLW=\dimen129
\psk@endLW=\dimen130
\pst@customdefs=\toks24
\pslinearc=\dimen131
\pst@symbolStep=\dimen132
\pst@symbolWidth=\dimen133
\pst@symbolLinewidth=\dimen134
\everypsbox=\toks25
\psframesep=\dimen135
\pslabelsep=\dimen136
\pst@shift=\dimen137
\theoverlaybox=\box32
(/usr/local/texlive/2012/texmf-dist/tex/xelatex/xetex-pstricks/pstricks.con
(/usr/local/texlive/2012/texmf-dist/tex/generic/pstricks/config/xdvipdfmx.cfg
Using PSTricks configuration for XeTeX+xdvipdfmx
)))
File: pstricks.tex 2012/06/04 v2.29 `PSTricks' (tvz,hv)
 (/usr/local/texlive/2012/texmf-dist/tex/generic/pstricks/pst-fp.tex)
File: pst-fp.tex 2012/06/04 v2.29 `PST-fp' (hv)

(/usr/local/texlive/2012/texmf-dist/tex/latex/xcolor/xcolor.sty
Package: xcolor 2007/01/21 v2.11 LaTeX color extensions (UK)

(/usr/local/texlive/2012/texmf-dist/tex/latex/latexconfig/color.cfg
File: color.cfg 2007/01/18 v1.5 color configuration of teTeX/TeXLive
)
Package xcolor Info: Package option `usenames' ignored on input line 216.
Package xcolor Info: Driver file: xetex.def on input line 225.

(/usr/local/texlive/2012/texmf-dist/tex/xelatex/xetex-def/xetex.def
File: xetex.def 2009/11/22 v0.94 LaTeX color/graphics driver for XeTeX (RRM/JK)

)
Package xcolor Info: Model `cmy' substituted by `cmy0' on input line 1337.
Package xcolor Info: Model `RGB' extended on input line 1353.
Package xcolor Info: Model `HTML' substituted by `rgb' on input line 1355.
Package xcolor Info: Model `Hsb' substituted by `hsb' on input line 1356.
Package xcolor Info: Model `tHsb' substituted by `hsb' on input line 1357.
Package xcolor Info: Model `HSB' substituted by `hsb' on input line 1358.
Package xcolor Info: Model `Gray' substituted by `gray' on input line 1359.
Package xcolor Info: Model `wave' substituted by `hsb' on input line 1360.

(/usr/local/texlive/2012/texmf-dist/tex/latex/graphics/dvipsnam.def
File: dvipsnam.def 1999/02/16 v3.0i Driver-dependant file (DPC,SPQR)
)))
(/usr/local/texlive/2012/texmf-dist/tex/latex/graphics/graphicx.sty
Package: graphicx 1999/02/16 v1.0f Enhanced LaTeX Graphics (DPC,SPQR)

(/usr/local/texlive/2012/texmf-dist/tex/latex/graphics/graphics.sty
Package: graphics 2009/02/05 v1.0o Standard LaTeX Graphics (DPC,SPQR)

(/usr/local/texlive/2012/texmf-dist/tex/latex/graphics/trig.sty
Package: trig 1999/03/16 v1.09 sin cos tan (DPC)
)
(/usr/local/texlive/2012/texmf-dist/tex/latex/latexconfig/graphics.cfg
File: graphics.cfg 2010/04/23 v1.9 graphics configuration of TeX Live
)
Package graphics Info: Driver file: xetex.def on input line 91.
)
\Gin@req@height=\dimen138
\Gin@req@width=\dimen139
)
(/usr/local/texlive/2012/texmf-dist/tex/latex/subfigure/subfigure.sty
Package: subfigure 2002/03/15 v2.1.5 subfigure package
\subfigtopskip=\skip47
\subfigcapskip=\skip48
\subfigcaptopadj=\dimen140
\subfigbottomskip=\skip49
\subfigcapmargin=\dimen141
\subfiglabelskip=\skip50
\c@subfigure=\count136
\c@lofdepth=\count137
\c@subtable=\count138
\c@lotdepth=\count139

****************************************
* Local config file subfigure.cfg used *
****************************************
(/usr/local/texlive/2012/texmf-dist/tex/latex/subfigure/subfigure.cfg)
\subfig@top=\skip51
\subfig@bottom=\skip52
)
(/usr/local/texlive/2012/texmf-dist/tex/latex/wrapfig/wrapfig.sty
\wrapoverhang=\dimen142
\WF@size=\dimen143
\c@WF@wrappedlines=\count140
\WF@box=\box33
\WF@everypar=\toks26
Package: wrapfig 2003/01/31  v 3.6
)
(/usr/local/texlive/2012/texmf-dist/tex/latex/geometry/geometry.sty
Package: geometry 2010/09/12 v5.6 Page Geometry
\Gm@cnth=\count141
\Gm@cntv=\count142
\c@Gm@tempcnt=\count143
\Gm@bindingoffset=\dimen144
\Gm@wd@mp=\dimen145
\Gm@odd@mp=\dimen146
\Gm@even@mp=\dimen147
\Gm@layoutwidth=\dimen148
\Gm@layoutheight=\dimen149
\Gm@layouthoffset=\dimen150
\Gm@layoutvoffset=\dimen151
\Gm@dimlist=\toks27
)
(/usr/local/texlive/2012/texmf-dist/tex/latex/fancyhdr/fancyhdr.sty
\fancy@headwidth=\skip53
\f@ncyO@elh=\skip54
\f@ncyO@erh=\skip55
\f@ncyO@olh=\skip56
\f@ncyO@orh=\skip57
\f@ncyO@elf=\skip58
\f@ncyO@erf=\skip59
\f@ncyO@olf=\skip60
\f@ncyO@orf=\skip61
)
(/usr/local/texlive/2012/texmf-dist/tex/latex/amsfonts/euscript.sty
Package: euscript 2009/06/22 v3.00 Euler Script fonts
LaTeX Font Info:    Overwriting math alphabet `\EuScript' in version `bold'
(Font)                  U/eus/m/n --> U/eus/b/n on input line 33.
)
(/usr/local/texlive/2012/texmf-dist/tex/latex/tools/multicol.sty
Package: multicol 2011/06/27 v1.7a multicolumn formatting (FMi)
\c@tracingmulticols=\count144
\mult@box=\box34
\multicol@leftmargin=\dimen152
\c@unbalance=\count145
\c@collectmore=\count146
\doublecol@number=\count147
\multicoltolerance=\count148
\multicolpretolerance=\count149
\full@width=\dimen153
\page@free=\dimen154
\premulticols=\dimen155
\postmulticols=\dimen156
\multicolsep=\skip62
\multicolbaselineskip=\skip63
\partial@page=\box35
\last@line=\box36
\mult@rightbox=\box37
\mult@grightbox=\box38
\mult@gfirstbox=\box39
\mult@firstbox=\box40
\@tempa=\box41
\@tempa=\box42
\@tempa=\box43
\@tempa=\box44
\@tempa=\box45
\@tempa=\box46
\@tempa=\box47
\@tempa=\box48
\@tempa=\box49
\@tempa=\box50
\@tempa=\box51
\@tempa=\box52
\@tempa=\box53
\@tempa=\box54
\@tempa=\box55
\@tempa=\box56
\@tempa=\box57
\c@columnbadness=\count150
\c@finalcolumnbadness=\count151
\last@try=\dimen157
\multicolovershoot=\dimen158
\multicolundershoot=\dimen159
\mult@nat@firstbox=\box58
\colbreak@box=\box59
\multicol@sort@counter=\count152
)
(/usr/local/texlive/2012/texmf-dist/tex/latex/algorithmicx/algorithmicx.sty
Package: algorithmicx 2005/04/27 v1.2 Algorithmicx

(/usr/local/texlive/2012/texmf-dist/tex/latex/base/ifthen.sty
Package: ifthen 2001/05/26 v1.1c Standard LaTeX ifthen package (DPC)
)
Document Style algorithmicx 1.2 - a greatly improved `algorithmic' style
\c@ALG@line=\count153
\c@ALG@rem=\count154
\c@ALG@nested=\count155
\ALG@tlm=\skip64
\ALG@thistlm=\skip65
\c@ALG@Lnr=\count156
\c@ALG@blocknr=\count157
\c@ALG@storecount=\count158
\c@ALG@tmpcounter=\count159
\ALG@tmplength=\skip66
) (/usr/local/texlive/2012/texmf-dist/tex/latex/algorithms/algorithm.sty
Invalid UTF-8 byte or sequence at line 11 replaced by U+FFFD.
Package: algorithm 2009/08/24 v0.1 Document Style `algorithm' - floating enviro
nment

(/usr/local/texlive/2012/texmf-dist/tex/latex/float/float.sty
Package: float 2001/11/08 v1.3d Float enhancements (AL)
\c@float@type=\count160
\float@exts=\toks28
\float@box=\box60
\@float@everytoks=\toks29
\@floatcapt=\box61
)
\@float@every@algorithm=\toks30
\c@algorithm=\count161
)
(/usr/local/texlive/2012/texmf-dist/tex/xelatex/xepersian/xepersian.sty
Package: xepersian 2012/06/05 v11.140 Persian typesetting in XeLaTeX

(/usr/local/texlive/2012/texmf-dist/tex/latex/fontspec/fontspec.sty
Package: fontspec 2012/05/06 v2.2b Advanced font selection for XeLaTeX/LuaLaTeX


(/usr/local/texlive/2012/texmf-dist/tex/latex/l3kernel/expl3.sty
(/usr/local/texlive/2012/texmf-dist/tex/latex/l3kernel/l3names.sty
(/usr/local/texlive/2012/texmf-dist/tex/latex/l3kernel/l3bootstrap.sty
Package: l3bootstrap 2011/12/29 v3110 L3 Experimental bootstrap code
)
Package: l3names 2012/03/04 v3494 L3 Experimental namespace for primitives
)
(/usr/local/texlive/2012/texmf-dist/tex/latex/etex-pkg/etex.sty
Package: etex 1998/03/26 v2.0 eTeX basic definition package (PEB)
\et@xins=\count162
)
Package: expl3 2012/04/23 v3570 L3 Experimental code bundle wrapper

(/usr/local/texlive/2012/texmf-dist/tex/latex/l3kernel/l3basics.sty
Package: l3basics 2012/03/04 v3491 L3 Experimental basic definitions
)
(/usr/local/texlive/2012/texmf-dist/tex/latex/l3kernel/l3expan.sty
Package: l3expan 2012/02/26 v3460 L3 Experimental argument expansion
)
(/usr/local/texlive/2012/texmf-dist/tex/latex/l3kernel/l3tl.sty
Package: l3tl 2012/03/04 v3490 L3 Experimental token lists
)
(/usr/local/texlive/2012/texmf-dist/tex/latex/l3kernel/l3seq.sty
Package: l3seq 2012/03/04 v3490 L3 Experimental sequences and stacks
)
(/usr/local/texlive/2012/texmf-dist/tex/latex/l3kernel/l3int.sty
Package: l3int 2012/03/04 v3490 L3 Experimental integers
\c_max_int=\count163
\l_tmpa_int=\count164
\l_tmpb_int=\count165
\l_tmpc_int=\count166
\g_tmpa_int=\count167
\g_tmpb_int=\count168
)
(/usr/local/texlive/2012/texmf-dist/tex/latex/l3kernel/l3quark.sty
Package: l3quark 2012/02/12 v3384 L3 Experimental quarks
)
(/usr/local/texlive/2012/texmf-dist/tex/latex/l3kernel/l3prg.sty
Package: l3prg 2012/03/04 v3490 L3 Experimental control structures
\g_prg_map_int=\count169
)
(/usr/local/texlive/2012/texmf-dist/tex/latex/l3kernel/l3clist.sty
Package: l3clist 2012/03/04 v3490 L3 Experimental comma separated lists
)
(/usr/local/texlive/2012/texmf-dist/tex/latex/l3kernel/l3token.sty
Package: l3token 2012/03/04 v3491 L3 Experimental token manipulation
)
(/usr/local/texlive/2012/texmf-dist/tex/latex/l3kernel/l3prop.sty
Package: l3prop 2012/03/04 v3490 L3 Experimental property lists
)
(/usr/local/texlive/2012/texmf-dist/tex/latex/l3kernel/l3msg.sty
Package: l3msg 2012/04/23 v3568 L3 Experimental messages
)
(/usr/local/texlive/2012/texmf-dist/tex/latex/l3kernel/l3file.sty
Package: l3file 2012/03/09 v3520 L3 Experimental file and I/O operations
\l_iow_stream_int=\count170
\l_iow_line_length_int=\count171
\l_iow_target_length_int=\count172
\l_iow_current_line_int=\count173
\l_iow_current_word_int=\count174
\l_iow_current_indentation_int=\count175
)
(/usr/local/texlive/2012/texmf-dist/tex/latex/l3kernel/l3skip.sty
Package: l3skip 2012/03/05 v3499 L3 Experimental dimensions and skips
\l_tmpa_dim=\dimen160
\l_tmpb_dim=\dimen161
\l_tmpc_dim=\dimen162
\g_tmpa_dim=\dimen163
\g_tmpb_dim=\dimen164
\l_tmpa_skip=\skip67
\l_tmpb_skip=\skip68
\l_tmpc_skip=\skip69
\g_tmpa_skip=\skip70
\g_tmpb_skip=\skip71
)
(/usr/local/texlive/2012/texmf-dist/tex/latex/l3kernel/l3keys.sty
Package: l3keys 2012/03/03 v3487 L3 Experimental key-value interfaces
\g_keyval_level_int=\count176
\l_keys_choice_int=\count177
)
(/usr/local/texlive/2012/texmf-dist/tex/latex/l3kernel/l3fp.sty
Package: l3fp 2012/03/04 v3490 L3 Experimental floating-point operations
\c_one_hundred_million=\count178
\c_five_hundred_million=\count179
\c_one_thousand_million=\count180
\c_fp_pi_by_four_decimal_int=\count181
\c_fp_pi_by_four_extended_int=\count182
\c_fp_pi_decimal_int=\count183
\c_fp_pi_extended_int=\count184
\c_fp_two_pi_decimal_int=\count185
\c_fp_two_pi_extended_int=\count186
\l_fp_count_int=\count187
\l_fp_div_offset_int=\count188
\l_fp_exp_integer_int=\count189
\l_fp_exp_decimal_int=\count190
\l_fp_exp_extended_int=\count191
\l_fp_exp_exponent_int=\count192
\l_fp_input_a_sign_int=\count193
\l_fp_input_a_integer_int=\count194
\l_fp_input_a_decimal_int=\count195
\l_fp_input_a_exponent_int=\count196
\l_fp_input_b_sign_int=\count197
\l_fp_input_b_integer_int=\count198
\l_fp_input_b_decimal_int=\count199
\l_fp_input_b_exponent_int=\count200
\l_fp_input_a_extended_int=\count201
Normal \count register pool exhausted, switching to extended pool.
\l_fp_input_b_extended_int=\count277
\l_fp_mul_a_i_int=\count278
\l_fp_mul_a_ii_int=\count279
\l_fp_mul_a_iii_int=\count280
\l_fp_mul_a_iv_int=\count281
\l_fp_mul_a_v_int=\count282
\l_fp_mul_a_vi_int=\count283
\l_fp_mul_b_i_int=\count284
\l_fp_mul_b_ii_int=\count285
\l_fp_mul_b_iii_int=\count286
\l_fp_mul_b_iv_int=\count287
\l_fp_mul_b_v_int=\count288
\l_fp_mul_b_vi_int=\count289
\l_fp_mul_output_int=\count290
\l_fp_output_sign_int=\count291
\l_fp_output_integer_int=\count292
\l_fp_output_decimal_int=\count293
\l_fp_output_exponent_int=\count294
\l_fp_output_extended_int=\count295
\l_fp_round_position_int=\count296
\l_fp_round_target_int=\count297
\l_fp_split_sign_int=\count298
\l_fp_internal_int=\count299
\l_fp_trig_octant_int=\count300
\l_fp_trig_sign_int=\count301
\l_fp_trig_decimal_int=\count302
\l_fp_trig_extended_int=\count303
\l_fp_internal_dim=\dimen165
\l_fp_internal_skip=\skip72
)
(/usr/local/texlive/2012/texmf-dist/tex/latex/l3kernel/l3box.sty
Package: l3box 2012/03/04 v3490 L3 Experimental boxes
\l_tmpb_box=\box62
\l_box_top_dim=\dimen166
\l_box_bottom_dim=\dimen167
\l_box_left_dim=\dimen168
\l_box_right_dim=\dimen169
\l_box_top_new_dim=\dimen170
\l_box_bottom_new_dim=\dimen171
\l_box_left_new_dim=\dimen172
\l_box_right_new_dim=\dimen173
\l_box_internal_box=\box63
)
(/usr/local/texlive/2012/texmf-dist/tex/latex/l3kernel/l3coffins.sty
Package: l3coffins 2012/03/03 v3482 L3 Experimental coffin code layer
\l_coffin_internal_box=\box64
\l_coffin_internal_dim=\dimen174
\l_coffin_offset_x_dim=\dimen175
\l_coffin_offset_y_dim=\dimen176
\l_coffin_x_dim=\dimen177
\l_coffin_y_dim=\dimen178
\l_coffin_x_prime_dim=\dimen179
\l_coffin_y_prime_dim=\dimen180
\l_coffin_Depth_dim=\dimen181
\l_coffin_Height_dim=\dimen182
\l_coffin_TotalHeight_dim=\dimen183
\l_coffin_Width_dim=\dimen184
\c_empty_coffin=\box65
\l_coffin_aligned_coffin=\box66
\l_coffin_aligned_internal_coffin=\box67
\l_coffin_bounding_shift_dim=\dimen185
\l_coffin_left_corner_dim=\dimen186
\l_coffin_right_corner_dim=\dimen187
\l_coffin_bottom_corner_dim=\dimen188
\l_coffin_top_corner_dim=\dimen189
\l_coffin_scaled_total_height_dim=\dimen190
\l_coffin_scaled_width_dim=\dimen191
\l_coffin_display_coffin=\box68
\l_coffin_display_coord_coffin=\box69
\l_coffin_display_pole_coffin=\box70
\l_coffin_display_offset_dim=\dimen192
\l_coffin_display_x_dim=\dimen193
\l_coffin_display_y_dim=\dimen194
)
(/usr/local/texlive/2012/texmf-dist/tex/latex/l3kernel/l3color.sty
Package: l3color 2011/09/07 v2776 L3 Experimental colour support
)
(/usr/local/texlive/2012/texmf-dist/tex/latex/l3kernel/l3luatex.sty
Package: l3luatex 2012/02/09 v3355 L3 Experimental LuaTeX-specific functions
\g_cctab_allocate_int=\count304
\g_cctab_stack_int=\count305
))
(/usr/local/texlive/2012/texmf-dist/tex/latex/l3packages/xparse/xparse.sty
Package: xparse 2012/04/23 v3570 L3 Experimental document command parser
\l_xparse_current_arg_int=\count306
\l_xparse_m_args_int=\count307
\l_xparse_mandatory_args_int=\count308
\l_xparse_processor_int=\count309
\l_xparse_v_nesting_int=\count310
)
\l_fontspec_script_int=\count311
\l_fontspec_language_int=\count312
\l_fontspec_strnum_int=\count313
\l_fontspec_tmpa_dim=\dimen195
\l_fontspec_tmpb_dim=\dimen196
\l_fontspec_tmpc_dim=\dimen197
Variant \tl_gset:cV already defined; not changing it on line 66

(/usr/local/texlive/2012/texmf-dist/tex/latex/fontspec/fontspec-patches.sty
Package: fontspec-patches 2012/05/06 v2.2b Advanced font selection for XeLaTeX/
LuaLaTeX

(/usr/local/texlive/2012/texmf-dist/tex/latex/base/fixltx2e.sty
Package: fixltx2e 2006/09/13 v1.1m fixes to LaTeX
LaTeX Info: Redefining \em on input line 420.
LaTeX Info: The control sequence `\[' is already robust on input line 471.
LaTeX Info: The control sequence `\]' is already robust on input line 472.
)
LaTeX Info: Redefining \em on input line 22.
LaTeX Info: Redefining \emph on input line 29.
LaTeX Info: Redefining \- on input line 32.

*************************************************
* LaTeX warning: "xparse/redefine-command"
* 
* Redefining document command \oldstylenums with arg. spec. 'm' on line 107.
*************************************************
.................................................
. LaTeX info: "xparse/define-command"
. 
. Defining document command \liningnums with arg. spec. 'm' on line 111.
.................................................
) (/usr/local/texlive/2012/texmf-dist/tex/latex/fontspec/fontspec-xetex.sty
Package: fontspec-xetex 2012/05/06 v2.2b Advanced font selection for XeLaTeX/Lu
aLaTeX

(/usr/local/texlive/2012/texmf-dist/tex/latex/base/fontenc.sty
Package: fontenc 2005/09/27 v1.99g Standard LaTeX package

(/usr/local/texlive/2012/texmf-dist/tex/latex/euenc/eu1enc.def
File: eu1enc.def 2010/05/27 v0.1h Experimental Unicode font encodings
)
LaTeX Font Info:    Try loading font information for EU1+lmr on input line 100.


(/usr/local/texlive/2012/texmf-dist/tex/latex/euenc/eu1lmr.fd
File: eu1lmr.fd 2009/10/30 v1.6 Font defs for Latin Modern
))
(/usr/local/texlive/2012/texmf-dist/tex/xelatex/xunicode/xunicode.sty
File: xunicode.sty 2011/09/09 v0.981 provides access to latin accents and many 
other characters in Unicode lower plane

(/usr/local/texlive/2012/texmf-dist/tex/latex/tipa/t3enc.def
File: t3enc.def 2001/12/31 T3 encoding
LaTeX Font Info:    Try loading font information for EU1+lmss on input line 357
.

(/usr/local/texlive/2012/texmf-dist/tex/latex/euenc/eu1lmss.fd
File: eu1lmss.fd 2009/10/30 v1.6 Font defs for Latin Modern
))
\tipaTiiicode=\count314
\tipasavetokens=\toks31
\tipachecktokens=\toks32
)
.................................................
. LaTeX info: "xparse/define-command"
. 
. Defining document command \fontspec with arg. spec. 'O{}m' on line 39.
.................................................
.................................................
. LaTeX info: "xparse/define-command"
. 
. Defining document command \setmainfont with arg. spec. 'O{}m' on line 43.
.................................................
.................................................
. LaTeX info: "xparse/define-command"
. 
. Defining document command \setsansfont with arg. spec. 'O{}m' on line 47.
.................................................
.................................................
. LaTeX info: "xparse/define-command"
. 
. Defining document command \setmonofont with arg. spec. 'O{}m' on line 51.
.................................................
.................................................
. LaTeX info: "xparse/define-command"
. 
. Defining document command \setmathrm with arg. spec. 'O{}m' on line 59.
.................................................
.................................................
. LaTeX info: "xparse/define-command"
. 
. Defining document command \setboldmathrm with arg. spec. 'O{}m' on line 62.
.................................................
.................................................
. LaTeX info: "xparse/define-command"
. 
. Defining document command \setmathsf with arg. spec. 'O{}m' on line 65.
.................................................
.................................................
. LaTeX info: "xparse/define-command"
. 
. Defining document command \setmathtt with arg. spec. 'O{}m' on line 68.
.................................................
.................................................
. LaTeX info: "xparse/define-command"
. 
. Defining document command \newfontfamily with arg. spec. 'mO{}m' on line 84.
.................................................
.................................................
. LaTeX info: "xparse/define-command"
. 
. Defining document command \newfontface with arg. spec. 'mO{}m' on line 87.
.................................................
.................................................
. LaTeX info: "xparse/define-command"
. 
. Defining document command \defaultfontfeatures with arg. spec. 'm' on line
. 91.
.................................................
.................................................
. LaTeX info: "xparse/define-command"
. 
. Defining document command \addfontfeatures with arg. spec. 'm' on line 107.
.................................................
.................................................
. LaTeX info: "xparse/define-command"
. 
. Defining document command \newfontfeature with arg. spec. 'mm' on line 118.
.................................................
.................................................
. LaTeX info: "xparse/define-command"
. 
. Defining document command \newAATfeature with arg. spec. 'mmmm' on line 125.
.................................................
.................................................
. LaTeX info: "xparse/define-command"
. 
. Defining document command \newICUfeature with arg. spec. 'mmm' on line 132.
.................................................
.................................................
. LaTeX info: "xparse/define-command"
. 
. Defining document command \aliasfontfeature with arg. spec. 'mm' on line
. 159.
.................................................
.................................................
. LaTeX info: "xparse/define-command"
. 
. Defining document command \aliasfontfeatureoption with arg. spec. 'mmm' on
. line 164.
.................................................
.................................................
. LaTeX info: "xparse/define-command"
. 
. Defining document command \newfontscript with arg. spec. 'mm' on line 169.
.................................................
.................................................
. LaTeX info: "xparse/define-command"
. 
. Defining document command \newfontlanguage with arg. spec. 'mm' on line 192.
.................................................
.................................................
. LaTeX info: "xparse/define-command"
. 
. Defining document command \DeclareFontsExtensions with arg. spec. 'm' on
. line 211.
.................................................
Variant \prop_gput:cnV already defined; not changing it on line 485
Variant \prop_gput:cnx already defined; not changing it on line 486
\l_fontspec_tmp_int=\count315
LaTeX Info: Redefining \itshape on input line 1893.
LaTeX Info: Redefining \slshape on input line 1897.
LaTeX Info: Redefining \scshape on input line 1901.
LaTeX Info: Redefining \upshape on input line 1905.

(/usr/local/texlive/2012/texmf-dist/tex/latex/fontspec/fontspec.cfg)))
(/usr/local/texlive/2012/texmf-dist/tex/xelatex/xepersian/xepersian-persiancal.
sty
Package: xepersian-persiancal 2010/07/25 v0.1 provides Persian calendar
\XePersian@i=\count316
\XePersian@y=\count317
\XePersian@m=\count318
\XePersian@d=\count319
\XePersian@latini=\count320
\XePersian@persiani=\count321
\XePersian@latinii=\count322
\XePersian@persianii=\count323
\XePersian@latiniii=\count324
\XePersian@persianiii=\count325
\XePersian@latiniv=\count326
\XePersian@persianiv=\count327
\XePersian@latinv=\count328
\XePersian@persianv=\count329
\XePersian@latinvi=\count330
\XePersian@persianvi=\count331
\XePersian@latinvii=\count332
\XePersian@persianvii=\count333
\XePersian@latinviii=\count334
\XePersian@persianviii=\count335
\XePersian@latinix=\count336
\XePersian@persianix=\count337
\XePersian@latinx=\count338
\XePersian@persianx=\count339
\XePersian@latinxi=\count340
\XePersian@persianxi=\count341
\XePersian@latinxii=\count342
\XePersian@persianxii=\count343
\XePersian@persianxiii=\count344
\XePersian@temp=\count345
\XePersian@temptwo=\count346
\XePersian@tempthree=\count347
\XePersian@yModHundred=\count348
\XePersian@thirtytwo=\count349
\XePersian@dn=\count350
\XePersian@sn=\count351
\XePersian@mminusone=\count352
)
(/usr/local/texlive/2012/texmf-dist/tex/xelatex/xepersian/xepersian-mathsdigits
pec.sty
Package: xepersian-mathsdigitspec 2012/01/01 v1.0.2 Unicode Persian maths digit
s in XeLaTeX
.................................................
. LaTeX info: "xparse/define-command"
. 
. Defining document command \new@mathbf with arg. spec. 'm' on line 109.
.................................................
.................................................
. LaTeX info: "xparse/define-command"
. 
. Defining document command \new@mathit with arg. spec. 'm' on line 117.
.................................................
.................................................
. LaTeX info: "xparse/define-command"
. 
. Defining document command \new@mathrm with arg. spec. 'm' on line 125.
.................................................
.................................................
. LaTeX info: "xparse/define-command"
. 
. Defining document command \new@mathsf with arg. spec. 'm' on line 133.
.................................................
.................................................
. LaTeX info: "xparse/define-command"
. 
. Defining document command \new@mathtt with arg. spec. 'm' on line 141.
.................................................
.................................................
. LaTeX info: "xparse/define-command"
. 
. Defining document command \setmathsfdigitfont with arg. spec. 'O{}m' on line
. 171.
.................................................
.................................................
. LaTeX info: "xparse/define-command"
. 
. Defining document command \setmathttdigitfont with arg. spec. 'O{}m' on line
. 176.
.................................................
) (/usr/local/texlive/2012/texmf-dist/tex/latex/bidi/bidi.sty
Package: bidi 2012/06/05 v11.157 Bidirectional typesetting in plain TeX and LaT
eX

bidi package (Support for bidirectional typesetting in plain TeX and LaTeX)
 Description: A convenient interface for typesetting bidirectional
 texts in plain TeX and LaTeX. The package includes adaptations for use
 with many other commonly-used packages.
 Copyright © 2009–2012 Vafa Khalighi
 v11.157, 2012/06/05
 License: LaTeX Project Public License, version 1.3c or higher (your choice)
 Location on CTAN: /macros/latex/contrib/bidi
(/usr/local/texlive/2012/texmf-dist/tex/generic/iftex/iftex.sty
Package: iftex 2010/07/25 v0.2 Provides if(tex) conditional for PDFTeX, XeTeX, 
and LuaTeX
)
(/usr/local/texlive/2012/texmf-dist/tex/latex/bidi/biditools.sty
Package: biditools 2012/05/01 v0.1 Programming tools for bidi package
)
(/usr/local/texlive/2012/texmf-dist/tex/latex/bidi/xetex-bidi.def
File: xetex-bidi.def 2012/05/01 v1.0.3 bidi adaptations for XeTeX engine
\bidi@n@everypar=\toks33

(/usr/local/texlive/2012/texmf-dist/tex/latex/bidi/footnote-xetex-bidi.def
File: footnote-xetex-bidi.def 2010/07/25 v0.5 bidi footnote macros for XeTeX en
gine
)
(/usr/local/texlive/2012/texmf-dist/tex/latex/bidi/book-xetex-bidi.def
File: book-xetex-bidi.def 2011/08/26 v0.8 bidi adaptations for standard book cl
ass for XeTeX engine
)
(/usr/local/texlive/2012/texmf-dist/tex/latex/bidi/amsmath-xetex-bidi.def
File: amsmath-xetex-bidi.def 2012/04/20 v0.3 bidi adaptations for amsmath packa
ge for XeTeX engine
LaTeX Info: Redefining \[ on input line 29.
LaTeX Info: Redefining \] on input line 30.
)
(/usr/local/texlive/2012/texmf-dist/tex/latex/bidi/color-xetex-bidi.def
File: color-xetex-bidi.def 2010/07/25 v0.1 bidi adaptations for color package f
or XeTeX engine
LaTeX Info: Redefining \color on input line 24.
)
(/usr/local/texlive/2012/texmf-dist/tex/latex/bidi/xcolor-xetex-bidi.def
File: xcolor-xetex-bidi.def 2010/07/25 v0.1 bidi adaptations for xcolor package
 for XeTeX engine
LaTeX Info: Redefining \color on input line 23.
LaTeX Info: Redefining \bidicolor on input line 66.
)
(/usr/local/texlive/2012/texmf-dist/tex/latex/bidi/float-xetex-bidi.def
File: float-xetex-bidi.def 2011/02/06 v0.1 bidi adaptations for float package f
or XeTeX engine
)
(/usr/local/texlive/2012/texmf-dist/tex/latex/bidi/wrapfig-xetex-bidi.def
File: wrapfig-xetex-bidi.def 2010/07/25 v0.2 bidi adaptations for wrapfig packa
ge for XeTeX engine
)
(/usr/local/texlive/2012/texmf-dist/tex/latex/bidi/graphicx-xetex-bidi.def
File: graphicx-xetex-bidi.def 2012/01/01 v0.4 bidi adaptations for graphicx pac
kage for XeTeX engine
)
(/usr/local/texlive/2012/texmf-dist/tex/latex/bidi/hyperref-xetex-bidi.def
File: hyperref-xetex-bidi.def 2012/01/01 v0.5 bidi adaptations for hyperref pac
kage for XeTeX engine
)
(/usr/local/texlive/2012/texmf-dist/tex/latex/bidi/fancyhdr-xetex-bidi.def
File: fancyhdr-xetex-bidi.def 2012/04/18 v0.4 bidi adaptations for fancyhdr pac
kage for XeTeX engine
)
(/usr/local/texlive/2012/texmf-dist/tex/latex/bidi/pstricks-xetex-bidi.def
File: pstricks-xetex-bidi.def 2010/07/25 v0.3 bidi adaptations for pstricks pac
kage for XeTeX engine
)
(/usr/local/texlive/2012/texmf-dist/tex/latex/bidi/subfigure-xetex-bidi.def
File: subfigure-xetex-bidi.def 2010/03/01 v0.1 bidi adaptations for subfigure p
ackage for XeTeX engine
)
(/usr/local/texlive/2012/texmf-dist/tex/latex/bidi/multicol-xetex-bidi.def
File: multicol-xetex-bidi.def 2011/11/18 v0.2 bidi adaptations for multicol pac
kage for XeTeX engine
))
(/usr/local/texlive/2012/texmf-dist/tex/latex/bidi/loadingorder-bidi.def
File: loadingorder-bidi.def 2012/01/01 v0.8a making sure that bidi is the last 
package loaded
))
xepersian package (Persian for LaTeX over XeTeX)
 Description: The package supports Persian
 typesetting, using fonts provided in the distribution.
 Copyright © 2008–2012 Vafa Khalighi
 v11.140, 2012/06/05
 License: LaTeX Project Public License, version 1.3c or higher (your choice)
 Location on CTAN: /macros/xetex/latex/xepersian
.................................................
. LaTeX info: "xparse/define-command"
. 
. Defining document command \settextfont with arg. spec. 'O{}m' on line 75.
.................................................
\g_fontspec_family_persian-modern-regular_int=\count353
.................................................
. fontspec info: "defining-font"
. 
. Font family 'persian-modern-regular(0)' created for font
. 'persian-modern-regular' with options
. [Script=Parsi,Language=Parsi,Mapping=parsidigits,ExternalLocation,BoldFont={p
ersian-modern-bold},BoldItalicFont={persian-modern-bolditalic},ItalicFont={pers
ian-modern-italic},SlantedFont={persian-modern-oblique},BoldSlantedFont={persia
n-modern-boldoblique}].
. 
. This font family consists of the following shapes:
. 
. * 'normal' with NFSS spec.:
. 
. <->"[persian-modern-regular]/ICU:script=arab;language=FAR;mapping=parsidigits
;"
. 
. * 'bold' with NFSS spec.:
. 
. <->"[persian-modern-bold]/ICU:script=arab;language=FAR;mapping=parsidigits;"
. 
. * 'italic' with NFSS spec.:
. 
. <->"[persian-modern-italic]/ICU:script=arab;language=FAR;mapping=parsidigits;
"
. 
. * 'sl/' with NFSS spec.:
. 
. <->"[persian-modern-oblique]/ICU:script=arab;language=FAR;mapping=parsidigits
;"
. 
. * 'bold italic' with NFSS spec.:
. 
. <->"[persian-modern-bolditalic]/ICU:script=arab;language=FAR;mapping=parsidig
its;"
. 
. * 'sl/' with NFSS spec.:
. 
. <->"[persian-modern-boldoblique]/ICU:script=arab;language=FAR;mapping=parsidi
gits;"
.................................................
.................................................
. fontspec info: "no-scripts"
. 
. Font persian-modern-regular does not contain any OpenType `Script'
. information.
.................................................
.................................................
. fontspec info: "defining-font"
. 
. Font family 'persian-modern-regular(1)' created for font
. 'persian-modern-regular' with options
. [Mapping=parsidigits,ExternalLocation,BoldFont={persian-modern-bold},BoldItal
icFont={persian-modern-bolditalic},ItalicFont={persian-modern-italic},SlantedFo
nt={persian-modern-oblique},BoldSlantedFont={persian-modern-boldoblique}].
. 
. This font family consists of the following shapes:
. 
. * 'normal' with NFSS spec.:
. <->"[persian-modern-regular]/ICU:mapping=parsidigits;"
. 
. * 'bold' with NFSS spec.:
. <->"[persian-modern-bold]/ICU:mapping=parsidigits;"
. 
. * 'italic' with NFSS spec.:
. <->"[persian-modern-italic]/ICU:mapping=parsidigits;"
. 
. * 'sl/' with NFSS spec.:
. <->"[persian-modern-oblique]/ICU:mapping=parsidigits;"
. 
. * 'bold italic' with NFSS spec.:
. <->"[persian-modern-bolditalic]/ICU:mapping=parsidigits;"
. 
. * 'sl/' with NFSS spec.:
. <->"[persian-modern-boldoblique]/ICU:mapping=parsidigits;"
.................................................
Package xepersian-mathsdigitspec Info: DefiningthedefaultPersianmathsdigitsfont
as'persian-modern-regular' on input line 77.
\symOPERATORS=\mathgroup6
\symnew@mathbf@font@digits=\mathgroup7
\symnew@mathit@font@digits=\mathgroup8
\symnew@mathrm@font@digits=\mathgroup9
.................................................
. LaTeX info: "xparse/define-command"
. 
. Defining document command \setlatintextfont with arg. spec. 'O{}m' on line
. 86.
.................................................
\g_fontspec_family_lmroman10-regular_int=\count354
.................................................
. fontspec info: "defining-font"
. 
. Font family 'lmroman10-regular(0)' created for font 'lmroman10-regular' with
. options
. [Mapping=tex-text,ExternalLocation,BoldFont={lmroman10-bold},BoldItalicFont={
lmroman10-bolditalic},ItalicFont={lmroman10-italic},SmallCapsFont={lmromancaps1
0-regular},SlantedFont={lmromanslant10-regular},BoldSlantedFont={lmromanslant10
-bold}].
. 
. This font family consists of the following shapes:
. 
. * 'normal' with NFSS spec.:
. <->"[lmroman10-regular]/ICU:script=latn;language=DFLT;mapping=tex-text;"
. 
. * 'small caps' with NFSS spec.:
. 
. <->"[lmromancaps10-regular]/ICU:script=latn;language=DFLT;mapping=tex-text;"
. 
. * 'bold' with NFSS spec.:
. <->"[lmroman10-bold]/ICU:script=latn;language=DFLT;mapping=tex-text;"
. 
. * 'bold small caps' with NFSS spec.:
. 
. <->"[lmromancaps10-regular]/ICU:script=latn;language=DFLT;mapping=tex-text;"
. 
. * 'italic' with NFSS spec.:
. <->"[lmroman10-italic]/ICU:script=latn;language=DFLT;mapping=tex-text;"
. 
. * 'italic small caps' with NFSS spec.:
. 
. <->"[lmromancaps10-regular]/ICU:script=latn;language=DFLT;mapping=tex-text;"
. 
. * 'sl/' with NFSS spec.:
. 
. <->"[lmromanslant10-regular]/ICU:script=latn;language=DFLT;mapping=tex-text;"

. 
. * 'small caps' with NFSS spec.:
. 
. <->"[lmromancaps10-regular]/ICU:script=latn;language=DFLT;mapping=tex-text;"
. 
. * 'bold italic' with NFSS spec.:
. <->"[lmroman10-bolditalic]/ICU:script=latn;language=DFLT;mapping=tex-text;"
. 
. * 'bold italic small caps' with NFSS spec.:
. 
. <->"[lmromancaps10-regular]/ICU:script=latn;language=DFLT;mapping=tex-text;"
. 
. * 'sl/' with NFSS spec.:
. <->"[lmromanslant10-bold]/ICU:script=latn;language=DFLT;mapping=tex-text;"
. 
. * 'bold small caps' with NFSS spec.:
. 
. <->"[lmromancaps10-regular]/ICU:script=latn;language=DFLT;mapping=tex-text;"
.................................................
.................................................
. LaTeX info: "xparse/define-command"
. 
. Defining document command \defpersianfont with arg. spec. 'mO{}m' on line
. 98.
.................................................
.................................................
. LaTeX info: "xparse/define-command"
. 
. Defining document command \deflatinfont with arg. spec. 'mO{}m' on line 107.
.................................................
.................................................
. LaTeX info: "xparse/define-command"
. 
. Defining document command \setpersiansansfont with arg. spec. 'O{}m' on line
. 141.
.................................................
.................................................
. LaTeX info: "xparse/define-command"
. 
. Defining document command \setpersianmonofont with arg. spec. 'O{}m' on line
. 145.
.................................................
.................................................
. LaTeX info: "xparse/define-command"
. 
. Defining document command \setnavarfont with arg. spec. 'O{}m' on line 149.
.................................................
.................................................
. LaTeX info: "xparse/define-command"
. 
. Defining document command \setpookfont with arg. spec. 'O{}m' on line 153.
.................................................
\g_fontspec_family_persian-modern-outline_int=\count355
.................................................
. fontspec info: "defining-font"
. 
. Font family 'persian-modern-outline(0)' created for font
. 'persian-modern-outline' with options
. [Script=Parsi,Language=Parsi,Mapping=parsidigits,ExternalLocation,ItalicFont=
{persian-modern-italicoutline},SlantedFont={persian-modern-obliqueoutline}].
. 
. This font family consists of the following shapes:
. 
. * 'normal' with NFSS spec.:
. 
. <->"[persian-modern-outline]/ICU:script=arab;language=FAR;mapping=parsidigits
;"
. 
. * 'italic' with NFSS spec.:
. 
. <->"[persian-modern-italicoutline]/ICU:script=arab;language=FAR;mapping=parsi
digits;"
. 
. * 'sl/' with NFSS spec.:
. 
. <->"[persian-modern-obliqueoutline]/ICU:script=arab;language=FAR;mapping=pars
idigits;"
.................................................
.................................................
. LaTeX info: "xparse/define-command"
. 
. Defining document command \setsayehfont with arg. spec. 'O{}m' on line 158.
.................................................
\g_fontspec_family_persian-modern-shadow_int=\count356
.................................................
. fontspec info: "defining-font"
. 
. Font family 'persian-modern-shadow(0)' created for font
. 'persian-modern-shadow' with options
. [Script=Parsi,Language=Parsi,Mapping=parsidigits,ExternalLocation,ItalicFont=
{persian-modern-italicshadow},SlantedFont={persian-modern-obliqueshadow}].
. 
. This font family consists of the following shapes:
. 
. * 'normal' with NFSS spec.:
. 
. <->"[persian-modern-shadow]/ICU:script=arab;language=FAR;mapping=parsidigits;
"
. 
. * 'italic' with NFSS spec.:
. 
. <->"[persian-modern-italicshadow]/ICU:script=arab;language=FAR;mapping=parsid
igits;"
. 
. * 'sl/' with NFSS spec.:
. 
. <->"[persian-modern-obliqueshadow]/ICU:script=arab;language=FAR;mapping=parsi
digits;"
.................................................
.................................................
. LaTeX info: "xparse/define-command"
. 
. Defining document command \setiranicfont with arg. spec. 'O{}m' on line 163.
.................................................
\g_fontspec_family_persian-modern-oblique_int=\count357
.................................................
. fontspec info: "defining-font"
. 
. Font family 'persian-modern-oblique(0)' created for font
. 'persian-modern-oblique' with options
. [Script=Parsi,Language=Parsi,Mapping=parsidigits,ExternalLocation,BoldFont={p
ersian-modern-boldoblique}].
. 
. This font family consists of the following shapes:
. 
. * 'normal' with NFSS spec.:
. 
. <->"[persian-modern-oblique]/ICU:script=arab;language=FAR;mapping=parsidigits
;"
. 
. * 'bold' with NFSS spec.:
. 
. <->"[persian-modern-boldoblique]/ICU:script=arab;language=FAR;mapping=parsidi
gits;"
.................................................

(/usr/local/texlive/2012/texmf-dist/tex/xelatex/xepersian/loadingorder-bidi-xep
ersian.def
File: loadingorder-bidi-xepersian.def 2012/01/01 v0.3 making sure that xepersia
n is the last package loaded
)
(/usr/local/texlive/2012/texmf-dist/tex/xelatex/xepersian/algorithm-xepersian.d
ef
File: algorithm-xepersian.def 2010/07/25 v0.2 adaptations for algorithm package

)
(/usr/local/texlive/2012/texmf-dist/tex/xelatex/xepersian/footnote-bidi-xepersi
an.def
File: footnote-bidi-xepersian.def 2010/07/25 v0.2 footnote macros for xepersian
 package
)
(/usr/local/texlive/2012/texmf-dist/tex/xelatex/xepersian/hyperref-xepersian.de
f
File: hyperref-xepersian.def 2010/07/25 v0.3 bilingual captions for hyperref pa
ckage
) (/usr/local/texlive/2012/texmf-dist/tex/xelatex/xepersian/book-xepersian.def
File: book-xepersian.def 2010/07/25 v0.2 adaptations for standard book class
)
(/usr/local/texlive/2012/texmf-dist/tex/xelatex/xepersian/localise-xepersian.de
f
File: localise-xepersian.def 2010/07/25 v0.2a Persian localisation of LaTeX2e
 (/usr/local/texlive/2012/texmf-dist/tex/xelatex/xepersian/commands-ltx.def
File: commands-ltx.def 2010/07/25 v0.2 Persian localisation of LaTeX2e commands

)
(/usr/local/texlive/2012/texmf-dist/tex/xelatex/xepersian/commands-xepersian.de
f
File: commands-xepersian.def 2010/07/25 v0.1 Persian localisation of XePersian 
commands
)
(/usr/local/texlive/2012/texmf-dist/tex/xelatex/xepersian/environments-ltx.def
File: environments-ltx.def 2010/07/25 v0.2 Persian localisation of LaTeX2e envi
ronments
)
(/usr/local/texlive/2012/texmf-dist/tex/xelatex/xepersian/environments-xepersia
n.def
File: environments-xepersian.def 2010/07/25 v0.1 Persian localisation of XePers
ian and bidi environments
)
(/usr/local/texlive/2012/texmf-dist/tex/xelatex/xepersian/messages-localise.def
File: messages-localise.def 2011/03/01 v0.1 localising LaTeX2e messages
)
(/usr/local/texlive/2012/texmf-dist/tex/xelatex/xepersian/misc-localise-xepersi
an.def
File: misc-localise-xepersian.def 2012/01/01 v0.2 miscellaneous Persian localis
ation of LaTeX2e
)
(/usr/local/texlive/2012/texmf-dist/tex/xelatex/xepersian/packages-localise-xep
ersian.def
File: packages-localise-xepersian.def 2011/03/01 v0.1 localising LaTeX2e Packag
es

(/usr/local/texlive/2012/texmf-dist/tex/xelatex/xepersian/color-localise.def
File: color-localise.def 2011/03/01 v0.1 localising color package
)))) (/usr/local/texlive/2012/texmf-dist/tex/latex/algorithmicx/algpseudocode.s
ty
Package: algpseudocode 

Document Style - pseudocode environments for use with the `algorithmicx' style
) (./styles/alg-fa.tex)
*geometry* verbose mode - [ newgeometry ] result:
* driver: 
* paper: a4paper
* layout: <same size as paper>
* layoutoffset:(h,v)=(0.0pt,0.0pt)
* modes: 
* h-part:(L,W,R)=(71.13188pt, 441.01773pt, 85.35826pt)
* v-part:(T,H,B)=(99.58464pt, 645.87756pt, 99.58464pt)
* \paperwidth=597.50787pt
* \paperheight=845.04684pt
* \textwidth=441.01773pt
* \textheight=645.87756pt
* \oddsidemargin=-1.1381pt
* \evensidemargin=-1.1381pt
* \topmargin=-17.55914pt
* \headheight=25.0pt
* \headsep=19.8738pt
* \topskip=11.0pt
* \footskip=27.46295pt
* \marginparwidth=53.0pt
* \marginparsep=7.0pt
* \columnsep=10.0pt
* \skip\footins=10.0pt plus 4.0pt minus 2.0pt
* \hoffset=0.0pt
* \voffset=0.0pt
* \mag=1000
* \@twocolumnfalse
* \@twosidefalse
* \@mparswitchfalse
* \@reversemarginfalse
* (1in=72.27pt=25.4mm, 1cm=28.453pt)

\g_fontspec_family_XB Niloofar_int=\count358
.................................................
. fontspec info: "no-font-shape"
. 
. Could not resolve font XB Niloofar/B (it probably doesn't exist).
.................................................
.................................................
. fontspec info: "no-font-shape"
. 
. Could not resolve font XB Niloofar/I (it probably doesn't exist).
.................................................
.................................................
. fontspec info: "no-font-shape"
. 
. Could not resolve font XB Niloofar/BI (it probably doesn't exist).
.................................................
.................................................
. fontspec info: "defining-font"
. 
. Font family 'XBNiloofar(0)' created for font 'XB Niloofar' with options
. [Script=Parsi,Language=Parsi,Mapping=parsidigits,Scale=1].
. 
. This font family consists of the following shapes:
. 
. * 'normal' with NFSS spec.:
. <->s*[1]"XB Niloofar/ICU:script=arab;language=FAR;mapping=parsidigits;"
.................................................
LaTeX Info: Redefining \persianfont on input line 39.
LaTeX Font Info:    Font shape `EU1/XBNiloofar(0)/m/n' will be
(Font)              scaled to size 10.0pt on input line 39.
.................................................
. fontspec info: "no-font-shape"
. 
. Could not resolve font XB Niloofar/B (it probably doesn't exist).
.................................................
.................................................
. fontspec info: "no-font-shape"
. 
. Could not resolve font XB Niloofar/I (it probably doesn't exist).
.................................................
.................................................
. fontspec info: "no-font-shape"
. 
. Could not resolve font XB Niloofar/BI (it probably doesn't exist).
.................................................
.................................................
. fontspec info: "defining-font"
. 
. Font family 'XBNiloofar(1)' created for font 'XB Niloofar' with options
. [Mapping=parsidigits,Scale=1].
. 
. This font family consists of the following shapes:
. 
. * 'normal' with NFSS spec.:
. <->s*[1]"XB Niloofar/ICU:script=latn;language=DFLT;mapping=parsidigits;"
.................................................
Package xepersian-mathsdigitspec Info: DefiningthedefaultPersianmathsdigitsfont
as'XB Niloofar' on input line 40.
LaTeX Font Info:    Redeclaring symbol font `OPERATORS' on input line 40.
LaTeX Font Info:    Overwriting symbol font `OPERATORS' in version `normal'
(Font)                  EU1/persian-modern-regular(1)/m/n --> EU1/XBNiloofar(1)
/m/n on input line 40.
LaTeX Font Info:    Overwriting symbol font `OPERATORS' in version `bold'
(Font)                  EU1/persian-modern-regular(1)/m/n --> EU1/XBNiloofar(1)
/m/n on input line 40.
LaTeX Font Info:    Redeclaring symbol font `new@mathbf@font@digits' on input l
ine 40.
LaTeX Font Info:    Overwriting symbol font `new@mathbf@font@digits' in version
 `normal'
(Font)                  EU1/persian-modern-regular(1)/bx/n --> EU1/XBNiloofar(1
)/bx/n on input line 40.
LaTeX Font Info:    Overwriting symbol font `new@mathbf@font@digits' in version
 `bold'
(Font)                  EU1/persian-modern-regular(1)/bx/n --> EU1/XBNiloofar(1
)/bx/n on input line 40.
LaTeX Font Info:    Redeclaring symbol font `new@mathit@font@digits' on input l
ine 40.
LaTeX Font Info:    Overwriting symbol font `new@mathit@font@digits' in version
 `normal'
(Font)                  EU1/persian-modern-regular(1)/m/it --> EU1/XBNiloofar(1
)/m/it on input line 40.
LaTeX Font Info:    Overwriting symbol font `new@mathit@font@digits' in version
 `bold'
(Font)                  EU1/persian-modern-regular(1)/m/it --> EU1/XBNiloofar(1
)/m/it on input line 40.
LaTeX Font Info:    Redeclaring symbol font `new@mathrm@font@digits' on input l
ine 40.
LaTeX Font Info:    Overwriting symbol font `new@mathrm@font@digits' in version
 `normal'
(Font)                  EU1/persian-modern-regular(1)/m/n --> EU1/XBNiloofar(1)
/m/n on input line 40.
LaTeX Font Info:    Overwriting symbol font `new@mathrm@font@digits' in version
 `bold'
(Font)                  EU1/persian-modern-regular(1)/m/n --> EU1/XBNiloofar(1)
/m/n on input line 40.
\g_fontspec_family_XB Kayhan Pook_int=\count359
.................................................
. fontspec info: "no-font-shape"
. 
. Could not resolve font XB Kayhan Pook/B (it probably doesn't exist).
.................................................
.................................................
. fontspec info: "no-font-shape"
. 
. Could not resolve font XB Kayhan Pook/I (it probably doesn't exist).
.................................................
.................................................
. fontspec info: "no-font-shape"
. 
. Could not resolve font XB Kayhan Pook/BI (it probably doesn't exist).
.................................................
.................................................
. fontspec info: "defining-font"
. 
. Font family 'XBKayhanPook(0)' created for font 'XB Kayhan Pook' with options
. [Script=Parsi,Language=Parsi,Mapping=parsidigits,Scale=1].
. 
. This font family consists of the following shapes:
. 
. * 'normal' with NFSS spec.:
. <->s*[1]"XB Kayhan Pook/ICU:script=arab;language=FAR;mapping=parsidigits;"
.................................................
\c@قضیه=\count360
\c@مسئله=\count361
\c@تعریف=\count362
\c@مثال=\count363
.................................................
. LaTeX info: "xparse/define-command"
. 
. Defining document command \img with arg. spec. 'm m o' on line 162.
.................................................
) (./styles/custom.tex) (./thesis.aux)
\openout1 = `thesis.aux'.

LaTeX Font Info:    Checking defaults for OML/cmm/m/it on input line 28.
LaTeX Font Info:    ... okay on input line 28.
LaTeX Font Info:    Checking defaults for T1/cmr/m/n on input line 28.
LaTeX Font Info:    ... okay on input line 28.
LaTeX Font Info:    Checking defaults for OT1/cmr/m/n on input line 28.
LaTeX Font Info:    ... okay on input line 28.
LaTeX Font Info:    Checking defaults for OMS/cmsy/m/n on input line 28.
LaTeX Font Info:    ... okay on input line 28.
LaTeX Font Info:    Checking defaults for OMX/cmex/m/n on input line 28.
LaTeX Font Info:    ... okay on input line 28.
LaTeX Font Info:    Checking defaults for U/cmr/m/n on input line 28.
LaTeX Font Info:    ... okay on input line 28.
LaTeX Font Info:    Checking defaults for PD1/pdf/m/n on input line 28.
LaTeX Font Info:    ... okay on input line 28.
LaTeX Font Info:    Checking defaults for PU/pdf/m/n on input line 28.
LaTeX Font Info:    ... okay on input line 28.
LaTeX Font Info:    Checking defaults for EU1/lmr/m/n on input line 28.
LaTeX Font Info:    ... okay on input line 28.
LaTeX Font Info:    Checking defaults for T3/cmr/m/n on input line 28.
LaTeX Font Info:    Try loading font information for T3+cmr on input line 28.

(/usr/local/texlive/2012/texmf-dist/tex/latex/tipa/t3cmr.fd
File: t3cmr.fd 2001/12/31 TIPA font definitions
)
LaTeX Font Info:    ... okay on input line 28.
LaTeX Font Info:    Font shape `EU1/XBNiloofar(0)/m/n' will be
(Font)              scaled to size 10.95pt on input line 28.
\AtBeginShipoutBox=\box71
Package hyperref Info: Link coloring ON on input line 28.

(/usr/local/texlive/2012/texmf-dist/tex/latex/hyperref/nameref.sty
Package: nameref 2010/04/30 v2.40 Cross-referencing by name of section

(/usr/local/texlive/2012/texmf-dist/tex/generic/oberdiek/gettitlestring.sty
Package: gettitlestring 2010/12/03 v1.4 Cleanup title references (HO)
)
\c@section@level=\count364
)
LaTeX Info: Redefining \ref on input line 28.
LaTeX Info: Redefining \pageref on input line 28.
LaTeX Info: Redefining \nameref on input line 28.

(./thesis.out) (./thesis.out)
\@outlinefile=\write3
\openout3 = `thesis.out'.


*geometry* driver: auto-detecting
*geometry* detected driver: xetex
*geometry* verbose mode - [ preamble ] result:
* driver: xetex
* paper: a4paper
* layout: <same size as paper>
* layoutoffset:(h,v)=(0.0pt,0.0pt)
* modes: 
* h-part:(L,W,R)=(71.13188pt, 441.01773pt, 85.35826pt)
* v-part:(T,H,B)=(99.58464pt, 645.87756pt, 99.58464pt)
* \paperwidth=597.50787pt
* \paperheight=845.04684pt
* \textwidth=441.01773pt
* \textheight=645.87756pt
* \oddsidemargin=-1.1381pt
* \evensidemargin=-1.1381pt
* \topmargin=-17.55914pt
* \headheight=25.0pt
* \headsep=19.8738pt
* \topskip=11.0pt
* \footskip=27.46295pt
* \marginparwidth=53.0pt
* \marginparsep=7.0pt
* \columnsep=10.0pt
* \skip\footins=10.0pt plus 4.0pt minus 2.0pt
* \hoffset=0.0pt
* \voffset=0.0pt
* \mag=1000
* \@twocolumnfalse
* \@twosidefalse
* \@mparswitchfalse
* \@reversemarginfalse
* (1in=72.27pt=25.4mm, 1cm=28.453pt)

(./front/info.tex) (./front/template/title.tex
File: front/template/images/logo.png Graphic file (type QTm)

<use  "front/template/images/logo.png" >
LaTeX Font Info:    Font shape `EU1/XBNiloofar(0)/m/n' will be
(Font)              scaled to size 14.4pt on input line 8.
LaTeX Font Info:    Font shape `EU1/XBNiloofar(0)/m/n' will be
(Font)              scaled to size 12.0pt on input line 23.
LaTeX Font Info:    Font shape `EU1/XBNiloofar(0)/m/n' will be
(Font)              scaled to size 20.74pt on input line 24.


LaTeX Font Warning: Font shape `EU1/XBNiloofar(0)/bx/n' undefined
(Font)              using `EU1/XBNiloofar(0)/m/n' instead on input line 24.

LaTeX Font Info:    Font shape `EU1/XBNiloofar(0)/bx/n' will be
(Font)              scaled to size 14.4pt on input line 29.
(/usr/local/texlive/2012/texmf-dist/tex/generic/oberdiek/se-ascii-print.def
File: se-ascii-print.def 2011/12/02 v1.10 stringenc: Printable ASCII characters

)
[1


]) (./front/template/besmellah.tex
File: front/template/images/besmellah.jpg Graphic file (type QTm)

<use  "front/template/images/besmellah.jpg" > [2])
(./front/template/signatures.tex
.................................................
. fontspec info: "no-font-shape"
. 
. Could not resolve font XB Niloofar/B (it probably doesn't exist).
.................................................
.................................................
. fontspec info: "no-font-shape"
. 
. Could not resolve font XB Niloofar/I (it probably doesn't exist).
.................................................
.................................................
. fontspec info: "no-font-shape"
. 
. Could not resolve font XB Niloofar/BI (it probably doesn't exist).
.................................................
.................................................
. fontspec info: "defining-font"
. 
. Font family 'XBNiloofar(2)' created for font 'XB Niloofar' with options
. [Script=Parsi,Language=Parsi,Mapping=parsidigits,Scale=1.2].
. 
. This font family consists of the following shapes:
. 
. * 'normal' with NFSS spec.:
. <->s*[1.2]"XB Niloofar/ICU:script=arab;language=FAR;mapping=parsidigits;"
.................................................
LaTeX Info: Redefining \persianfont on input line 4.
LaTeX Font Info:    Font shape `EU1/XBNiloofar(2)/m/n' will be
(Font)              scaled to size 13.13995pt on input line 4.
.................................................
. fontspec info: "no-font-shape"
. 
. Could not resolve font XB Niloofar/B (it probably doesn't exist).
.................................................
.................................................
. fontspec info: "no-font-shape"
. 
. Could not resolve font XB Niloofar/I (it probably doesn't exist).
.................................................
.................................................
. fontspec info: "no-font-shape"
. 
. Could not resolve font XB Niloofar/BI (it probably doesn't exist).
.................................................
.................................................
. fontspec info: "defining-font"
. 
. Font family 'XBNiloofar(3)' created for font 'XB Niloofar' with options
. [Mapping=parsidigits,Scale=1.2].
. 
. This font family consists of the following shapes:
. 
. * 'normal' with NFSS spec.:
. <->s*[1.2]"XB Niloofar/ICU:script=latn;language=DFLT;mapping=parsidigits;"
.................................................
Package xepersian-mathsdigitspec Info: DefiningthedefaultPersianmathsdigitsfont
as'XB Niloofar' on input line 5.
LaTeX Font Info:    Redeclaring symbol font `OPERATORS' on input line 5.
LaTeX Font Info:    Overwriting symbol font `OPERATORS' in version `normal'
(Font)                  EU1/XBNiloofar(1)/m/n --> EU1/XBNiloofar(3)/m/n on inpu
t line 5.
LaTeX Font Info:    Overwriting symbol font `OPERATORS' in version `bold'
(Font)                  EU1/XBNiloofar(1)/m/n --> EU1/XBNiloofar(3)/m/n on inpu
t line 5.
LaTeX Font Info:    Redeclaring symbol font `new@mathbf@font@digits' on input l
ine 5.
LaTeX Font Info:    Overwriting symbol font `new@mathbf@font@digits' in version
 `normal'
(Font)                  EU1/XBNiloofar(1)/bx/n --> EU1/XBNiloofar(3)/bx/n on in
put line 5.
LaTeX Font Info:    Overwriting symbol font `new@mathbf@font@digits' in version
 `bold'
(Font)                  EU1/XBNiloofar(1)/bx/n --> EU1/XBNiloofar(3)/bx/n on in
put line 5.
LaTeX Font Info:    Redeclaring symbol font `new@mathit@font@digits' on input l
ine 5.
LaTeX Font Info:    Overwriting symbol font `new@mathit@font@digits' in version
 `normal'
(Font)                  EU1/XBNiloofar(1)/m/it --> EU1/XBNiloofar(3)/m/it on in
put line 5.
LaTeX Font Info:    Overwriting symbol font `new@mathit@font@digits' in version
 `bold'
(Font)                  EU1/XBNiloofar(1)/m/it --> EU1/XBNiloofar(3)/m/it on in
put line 5.
LaTeX Font Info:    Redeclaring symbol font `new@mathrm@font@digits' on input l
ine 5.
LaTeX Font Info:    Overwriting symbol font `new@mathrm@font@digits' in version
 `normal'
(Font)                  EU1/XBNiloofar(1)/m/n --> EU1/XBNiloofar(3)/m/n on inpu
t line 5.
LaTeX Font Info:    Overwriting symbol font `new@mathrm@font@digits' in version
 `bold'
(Font)                  EU1/XBNiloofar(1)/m/n --> EU1/XBNiloofar(3)/m/n on inpu
t line 5.
LaTeX Font Info:    Font shape `EU1/XBNiloofar(2)/m/n' will be
(Font)              scaled to size 14.39996pt on input line 8.


LaTeX Font Warning: Font shape `EU1/XBNiloofar(2)/bx/n' undefined
(Font)              using `EU1/XBNiloofar(2)/m/n' instead on input line 12.

LaTeX Font Info:    Font shape `EU1/XBNiloofar(2)/bx/n' will be
(Font)              scaled to size 14.39996pt on input line 20.
[3]) (./front/acknowledge.tex
LaTeX Font Info:    Font shape `EU1/XBNiloofar(2)/bx/n' will be
(Font)              scaled to size 13.13995pt on input line 8.
 [4]) (./front/abstract.tex
LaTeX Font Info:    Try loading font information for U+msa on input line 14.

(/usr/local/texlive/2012/texmf-dist/tex/latex/amsfonts/umsa.fd
File: umsa.fd 2009/06/22 v3.00 AMS symbols A
)
LaTeX Font Info:    Try loading font information for U+msb on input line 14.

(/usr/local/texlive/2012/texmf-dist/tex/latex/amsfonts/umsb.fd
File: umsb.fd 2009/06/22 v3.00 AMS symbols B
)
LaTeX Font Info:    Font shape `EU1/XBNiloofar(3)/m/n' will be
(Font)              scaled to size 13.13995pt on input line 14.
LaTeX Font Info:    Font shape `EU1/XBNiloofar(3)/m/n' will be
(Font)              scaled to size 9.59998pt on input line 14.
LaTeX Font Info:    Font shape `EU1/XBNiloofar(3)/m/n' will be
(Font)              scaled to size 7.19998pt on input line 14.


LaTeX Font Warning: Font shape `EU1/XBNiloofar(3)/bx/n' undefined
(Font)              using `EU1/XBNiloofar(3)/m/n' instead on input line 14.

LaTeX Font Info:    Font shape `EU1/XBNiloofar(3)/bx/n' will be
(Font)              scaled to size 9.59998pt on input line 14.
LaTeX Font Info:    Font shape `EU1/XBNiloofar(3)/bx/n' will be
(Font)              scaled to size 7.19998pt on input line 14.

LaTeX Font Warning: Font shape `EU1/XBNiloofar(3)/m/it' undefined
(Font)              using `EU1/XBNiloofar(3)/m/n' instead on input line 14.

LaTeX Font Info:    Font shape `EU1/XBNiloofar(3)/m/it' will be
(Font)              scaled to size 9.59998pt on input line 14.
LaTeX Font Info:    Font shape `EU1/XBNiloofar(3)/m/it' will be
(Font)              scaled to size 7.19998pt on input line 14.
[5])
LaTeX Font Info:    Font shape `EU1/XBNiloofar(2)/m/n' will be
(Font)              scaled to size 29.85593pt on input line 50.
LaTeX Font Info:    Font shape `EU1/XBNiloofar(2)/bx/n' will be
(Font)              scaled to size 29.85593pt on input line 50.
 (./thesis.toc [6

])
\tf@toc=\write4
\openout4 = `thesis.toc'.

 [7] (./thesis.lof)
\tf@lof=\write5
\openout5 = `thesis.lof'.

 [8

] (./thesis.lot)
\tf@lot=\write6
\openout6 = `thesis.lot'.

 [9

]
(./chapters/introduction.tex
فصل 1.
LaTeX Font Info:    Font shape `EU1/XBNiloofar(2)/m/n' will be
(Font)              scaled to size 24.88794pt on input line 3.
LaTeX Font Info:    Font shape `EU1/XBNiloofar(2)/bx/n' will be
(Font)              scaled to size 24.88794pt on input line 3.
LaTeX Font Info:    Font shape `EU1/XBNiloofar(2)/m/n' will be
(Font)              scaled to size 9.59998pt on input line 5.
LaTeX Font Info:    Font shape `EU1/XBNiloofar(2)/m/n' will be
(Font)              scaled to size 10.79997pt on input line 5.
LaTeX Font Info:    Font shape `EU1/XBNiloofar(3)/m/n' will be
(Font)              scaled to size 10.79997pt on input line 5.
LaTeX Font Info:    Font shape `EU1/XBNiloofar(3)/m/n' will be
(Font)              scaled to size 5.99998pt on input line 5.
LaTeX Font Info:    Font shape `EU1/XBNiloofar(3)/bx/n' will be
(Font)              scaled to size 10.79997pt on input line 5.
LaTeX Font Info:    Font shape `EU1/XBNiloofar(3)/bx/n' will be
(Font)              scaled to size 5.99998pt on input line 5.
LaTeX Font Info:    Font shape `EU1/XBNiloofar(3)/m/it' will be
(Font)              scaled to size 10.79997pt on input line 5.
LaTeX Font Info:    Font shape `EU1/XBNiloofar(3)/m/it' will be
(Font)              scaled to size 5.99998pt on input line 5.
LaTeX Font Info:    Font shape `EU1/XBNiloofar(2)/m/n' will be
(Font)              scaled to size 7.19998pt on input line 5.
LaTeX Font Info:    Font shape `EU1/XBNiloofar(3)/bx/n' will be
(Font)              scaled to size 13.13995pt on input line 5.
LaTeX Font Info:    Font shape `EU1/XBNiloofar(3)/m/it' will be
(Font)              scaled to size 13.13995pt on input line 5.
[10

]
LaTeX Font Info:    Font shape `EU1/XBNiloofar(2)/m/n' will be
(Font)              scaled to size 17.27994pt on input line 12.
LaTeX Font Info:    Font shape `EU1/XBNiloofar(2)/bx/n' will be
(Font)              scaled to size 17.27994pt on input line 12.
) (./chapters/definitions.tex [11] [12]
فصل 2.
LaTeX Font Info:    Font shape `EU1/XBNiloofar(3)/m/n' will be
(Font)              scaled to size 17.27994pt on input line 9.
LaTeX Font Info:    Font shape `EU1/XBNiloofar(3)/m/n' will be
(Font)              scaled to size 11.99997pt on input line 9.
LaTeX Font Info:    Font shape `EU1/XBNiloofar(3)/m/n' will be
(Font)              scaled to size 8.39998pt on input line 9.
LaTeX Font Info:    Font shape `EU1/XBNiloofar(3)/bx/n' will be
(Font)              scaled to size 17.27994pt on input line 9.
LaTeX Font Info:    Font shape `EU1/XBNiloofar(3)/bx/n' will be
(Font)              scaled to size 11.99997pt on input line 9.
LaTeX Font Info:    Font shape `EU1/XBNiloofar(3)/bx/n' will be
(Font)              scaled to size 8.39998pt on input line 9.
LaTeX Font Info:    Font shape `EU1/XBNiloofar(3)/m/it' will be
(Font)              scaled to size 17.27994pt on input line 9.
LaTeX Font Info:    Font shape `EU1/XBNiloofar(3)/m/it' will be
(Font)              scaled to size 11.99997pt on input line 9.
LaTeX Font Info:    Font shape `EU1/XBNiloofar(3)/m/it' will be
(Font)              scaled to size 8.39998pt on input line 9.

Package hyperref Warning: Token not allowed in a PDF string (Unicode):
(hyperref)                removing `math shift' on input line 9.


Package hyperref Warning: Token not allowed in a PDF string (Unicode):
(hyperref)                removing `math shift' on input line 9.


Underfull \hbox (badness 10000) in paragraph at lines 11--14
[][]
 []

File: figs/DNA.png Graphic file (type QTm)
<use  "figs/DNA.png" > [13

]

Package hyperref Warning: Token not allowed in a PDF string (Unicode):
(hyperref)                removing `math shift' on input line 26.


Package hyperref Warning: Token not allowed in a PDF string (Unicode):
(hyperref)                removing `math shift' on input line 26.

File: figs/Replication.jpg Graphic file (type QTm)
<use  "figs/Replication.jpg" > [14] [15]

Package hyperref Warning: Token not allowed in a PDF string (Unicode):
(hyperref)                removing `math shift' on input line 49.


Package hyperref Warning: Token not allowed in a PDF string (Unicode):
(hyperref)                removing `math shift' on input line 49.

File: figs/methyl.png Graphic file (type QTm)
<use  "figs/methyl.png" > [16]

Package hyperref Warning: Token not allowed in a PDF string (Unicode):
(hyperref)                removing `math shift' on input line 77.


Package hyperref Warning: Token not allowed in a PDF string (Unicode):
(hyperref)                removing `math shift' on input line 77.

[17]) (./chapters/literature.tex [18]
فصل 3.

Overfull \hbox (6.28067pt too wide) in paragraph at lines 17--21
[]\EU1/XBNiloofar(2)/bx/n/10.95 برنامهٔ $\OML/cmm/m/it/10.95 CokusAlignm
ent$ \EU1/XBNiloofar(2)/bx/n/10.95 از روشی برای نگاشت خواند
ه‌ها به ژنوم $\OML/cmm/m/it/10.95 Arabidopsis$ \EU1/XBNiloofar(2)/bx
/n/10.95 که بر اساس الگوریتم‌های[]
 []


Overfull \hbox (12.75566pt too wide) in paragraph at lines 17--21
[]\EU1/XBNiloofar(2)/bx/n/10.95 امروزه با توجه به الگوریت
‌های جدیدی که برای هم‌ردیفی پیاده‌سازی ش
ه‌اند، ابزارهای هم‌ردیفی خوانده‌های[]
 []

[19

]

Package hyperref Warning: Token not allowed in a PDF string (Unicode):
(hyperref)                removing `math shift' on input line 22.


Package hyperref Warning: Token not allowed in a PDF string (Unicode):
(hyperref)                removing `math shift' on input line 22.


Package hyperref Warning: Token not allowed in a PDF string (Unicode):
(hyperref)                removing `math shift' on input line 27.


Package hyperref Warning: Token not allowed in a PDF string (Unicode):
(hyperref)                removing `math shift' on input line 27.

[20]

Package hyperref Warning: Token not allowed in a PDF string (Unicode):
(hyperref)                removing `math shift' on input line 33.


Package hyperref Warning: Token not allowed in a PDF string (Unicode):
(hyperref)                removing `math shift' on input line 33.

) (./chapters/results.tex [21]
فصل 4.

LaTeX Font Warning: Command \small invalid in math mode on input line 8.

LaTeX Font Info:    Font shape `EU1/XBNiloofar(2)/m/n' will be
(Font)              scaled to size 11.99997pt on input line 8.

LaTeX Font Warning: Command \small invalid in math mode on input line 9.


LaTeX Font Warning: Command \small invalid in math mode on input line 10.


LaTeX Font Warning: Command \small invalid in math mode on input line 11.

[22

]
File: figs/3CT.png Graphic file (type QTm)
 <use  "figs/3CT.png" > [23] [24]
File: figs/pcr.png Graphic file (type QTm)
 <use  "figs/pcr.png" > [25] [26]

LaTeX Font Warning: Command \small invalid in math mode on input line 87.


LaTeX Font Warning: Command \small invalid in math mode on input line 88.


LaTeX Font Warning: Command \small invalid in math mode on input line 89.


LaTeX Font Warning: Command \small invalid in math mode on input line 90.


LaTeX Font Warning: Command \small invalid in math mode on input line 91.


LaTeX Font Warning: Command \small invalid in math mode on input line 99.

[27]

LaTeX Font Warning: Command \small invalid in math mode on input line 100.


LaTeX Font Warning: Command \small invalid in math mode on input line 101.


LaTeX Font Warning: Command \small invalid in math mode on input line 102.

[28]
فصل 5.
LaTeX Font Info:    Try loading font information for EU1+lmtt on input line 108
.
(/usr/local/texlive/2012/texmf-dist/tex/latex/euenc/eu1lmtt.fd
File: eu1lmtt.fd 2009/10/30 v1.6 Font defs for Latin Modern
) [29

])
(./chapters/conclusions.tex [30] [31]
فصل 6.
File: figs/time.pdf Graphic file (type QTm)
<use  "figs/time.pdf" > [32

]
File: figs/2.pdf Graphic file (type QTm)
 <use  "figs/2.pdf" >
File: figs/1.pdf Graphic file (type QTm)
 <use  "figs/1.pdf" >
File: figs/3.pdf Graphic file (type QTm)

<use  "figs/3.pdf" >

Package hyperref Warning: Token not allowed in a PDF string (Unicode):
(hyperref)                removing `math shift' on input line 50.


Package hyperref Warning: Token not allowed in a PDF string (Unicode):
(hyperref)                removing `math shift' on input line 50.

[33]
File: figs/4.pdf Graphic file (type QTm)
 <use  "figs/4.pdf" > [34]
File: figs/6.png Graphic file (type QTm)
 <use  "figs/6.png" >
File: figs/5.png Graphic file (type QTm)
 <use  "figs/5.png" >)
[35] (./bibs/bibs.tex (./thesis.bbl [36] [37] [38]) [39

])
*geometry* verbose mode - [ newgeometry ] result:
* driver: xetex
* paper: a4paper
* layout: <same size as paper>
* layoutoffset:(h,v)=(0.0pt,0.0pt)
* modes: 
* h-part:(L,W,R)=(85.35826pt, 441.01773pt, 71.13188pt)
* v-part:(T,H,B)=(101.40665pt, 591.5302pt, 152.11pt)
* \paperwidth=597.50787pt
* \paperheight=845.04684pt
* \textwidth=441.01773pt
* \textheight=591.5302pt
* \oddsidemargin=13.08827pt
* \evensidemargin=13.08827pt
* \topmargin=-15.73714pt
* \headheight=25.0pt
* \headsep=19.8738pt
* \topskip=11.0pt
* \footskip=27.46295pt
* \marginparwidth=53.0pt
* \marginparsep=7.0pt
* \columnsep=10.0pt
* \skip\footins=10.0pt plus 4.0pt minus 2.0pt
* \hoffset=0.0pt
* \voffset=0.0pt
* \mag=1000
* \@twocolumnfalse
* \@twosidefalse
* \@mparswitchfalse
* \@reversemarginfalse
* (1in=72.27pt=25.4mm, 1cm=28.453pt)


(./front/template/title-eng.tex
File: front/template/images/logo.png Graphic file (type QTm)
 <use  "front/template/images/logo.png" >
[40

])
Package atveryend Info: Empty hook `BeforeClearDocument' on input line 91.
Package atveryend Info: Empty hook `AfterLastShipout' on input line 91.
 (./thesis.aux)
Package atveryend Info: Empty hook `AtVeryEndDocument' on input line 91.
Package atveryend Info: Empty hook `AtEndAfterFileList' on input line 91.


LaTeX Font Warning: Some font shapes were not available, defaults substituted.

Package atveryend Info: Empty hook `AtVeryVeryEnd' on input line 91.
 ) 
Here is how much of TeX's memory you used:
 25631 strings out of 494004
 480957 string characters out of 3150890
 555297 words of memory out of 3000000
 28356 multiletter control sequences out of 15000+200000
 13589 words of font info for 116 fonts, out of 3000000 for 9000
 1144 hyphenation exceptions out of 8191
 45i,11n,44p,1256b,412s stack positions out of 5000i,500n,10000p,200000b,50000s

Output written on thesis.pdf (40 pages).
