\BOOKMARK [0][-]{chapter.1}{نحوه‌ی نگارش}{}% 1
\BOOKMARK [1][-]{section.1.1}{پرونده‌ها}{chapter.1}% 2
\BOOKMARK [1][-]{section.1.2}{عبارات ریاضی}{chapter.1}% 3
\BOOKMARK [1][-]{section.1.3}{علائم ریاضی پرکاربرد}{chapter.1}% 4
\BOOKMARK [1][-]{section.1.4}{لیست‌ها}{chapter.1}% 5
\BOOKMARK [1][-]{section.1.5}{درج شکل}{chapter.1}% 6
\BOOKMARK [1][-]{section.1.6}{درج جدول}{chapter.1}% 7
\BOOKMARK [1][-]{section.1.7}{درج الگوریتم}{chapter.1}% 8
\BOOKMARK [1][-]{section.1.8}{محیط‌های ویژه}{chapter.1}% 9
\BOOKMARK [0][-]{chapter.2}{برخی نکات نگارشی}{}% 10
\BOOKMARK [1][-]{section.2.1}{فاصله‌گذاری}{chapter.2}% 11
\BOOKMARK [1][-]{section.2.2}{شکل حروف}{chapter.2}% 12
\BOOKMARK [1][-]{section.2.3}{جدانویسی}{chapter.2}% 13
\BOOKMARK [1][-]{section.2.4}{جدانویسی مرجح}{chapter.2}% 14
\BOOKMARK [0][-]{chapter.3}{مقدمه}{}% 15
\BOOKMARK [1][-]{section.3.1}{تعریف مسئله}{chapter.3}% 16
\BOOKMARK [1][-]{section.3.2}{اهمیت موضوع}{chapter.3}% 17
\BOOKMARK [1][-]{section.3.3}{اهداف تحقیق}{chapter.3}% 18
\BOOKMARK [1][-]{section.3.4}{ساختار پایان‌نامه}{chapter.3}% 19
\BOOKMARK [0][-]{chapter.4}{مفاهیم اولیه}{}% 20
\BOOKMARK [1][-]{section.4.1}{رشته‌ی DNA}{chapter.4}% 21
\BOOKMARK [1][-]{section.4.2}{همانندسازی DNA}{chapter.4}% 22
\BOOKMARK [1][-]{section.4.3}{ژنوم}{chapter.4}% 23
\BOOKMARK [1][-]{section.4.4}{خوانده}{chapter.4}% 24
\BOOKMARK [1][-]{section.4.5}{خوانده‌های بایسولفیت‌شده}{chapter.4}% 25
\BOOKMARK [1][-]{section.4.6}{Sam\040File}{chapter.4}% 26
\BOOKMARK [1][-]{section.4.7}{رشته‌ی CIGAR}{chapter.4}% 27
\BOOKMARK [1][-]{section.4.8}{توالی‌یابی نسل بعد}{chapter.4}% 28
\BOOKMARK [1][-]{section.4.9}{Sequence\040Alignment}{chapter.4}% 29
\BOOKMARK [1][-]{section.4.10}{DNA\040Sequencing}{chapter.4}% 30
\BOOKMARK [1][-]{section.4.11}{آریانا}{chapter.4}% 31
\BOOKMARK [0][-]{chapter.5}{کارهای پیشین}{}% 32
\BOOKMARK [1][-]{section.5.1}{الگوریتم های ابتدایی}{chapter.5}% 33
\BOOKMARK [1][-]{section.5.2}{ابزار بیسمارک}{chapter.5}% 34
\BOOKMARK [1][-]{section.5.3}{ابزار BSmap}{chapter.5}% 35
\BOOKMARK [1][-]{section.5.4}{کاستی‌های روش‌های پیشین}{chapter.5}% 36
\BOOKMARK [0][-]{chapter.6}{راه حل}{}% 37
\BOOKMARK [1][-]{section.6.1}{الگوریتم}{chapter.6}% 38
\BOOKMARK [1][-]{section.6.2}{انتخاب بهترین هم‌ردیفی}{chapter.6}% 39
\BOOKMARK [1][-]{section.6.3}{شبیه‌ساز}{chapter.6}% 40
\BOOKMARK [1][-]{section.6.4}{محاسبه درصد متیلاسیون}{chapter.6}% 41
\BOOKMARK [0][-]{chapter.7}{پیاده‌سازی}{}% 42
\BOOKMARK [1][-]{section.7.1}{تابع پنالتی}{chapter.7}% 43
\BOOKMARK [1][-]{section.7.2}{محاسبه درصد متیلاسیون}{chapter.7}% 44
\BOOKMARK [0][-]{chapter.8}{نتیجه‌گیری}{}% 45
\BOOKMARK [0][-]{appendix.Alph1}{مطالب تکمیلی}{}% 46
