This is XeTeX, Version 3.1415926-2.4-0.9998 (TeX Live 2012) (format=xelatex 2013.9.18)  20 JAN 2015 14:14
entering extended mode
 restricted \write18 enabled.
 %&-line parsing enabled.
**alg-fa.tex
(./alg-fa.tex
LaTeX2e <2011/06/27>
Babel <v3.8m> and hyphenation patterns for english, dumylang, nohyphenation, ge
rman-x-2012-05-30, ngerman-x-2012-05-30, afrikaans, ancientgreek, ibycus, arabi
c, armenian, basque, bulgarian, catalan, pinyin, coptic, croatian, czech, danis
h, dutch, ukenglish, usenglishmax, esperanto, estonian, ethiopic, farsi, finnis
h, french, friulan, galician, german, ngerman, swissgerman, monogreek, greek, h
ungarian, icelandic, assamese, bengali, gujarati, hindi, kannada, malayalam, ma
rathi, oriya, panjabi, tamil, telugu, indonesian, interlingua, irish, italian, 
kurmanji, latin, latvian, lithuanian, mongolian, mongolianlmc, bokmal, nynorsk,
 polish, portuguese, romanian, romansh, russian, sanskrit, serbian, serbianc, s
lovak, slovenian, spanish, swedish, turkish, turkmen, ukrainian, uppersorbian, 
welsh, loaded.

! LaTeX Error: \algorithmicfor undefined.

See the LaTeX manual or LaTeX Companion for explanation.
Type  H <return>  for immediate help.
 ...                                              
                                                  
l.10 \renewcommand{\algorithmicfor}
                                   {{به ازای}}
Try typing  <return>  to proceed.
If that doesn't work, type  X <return>  to quit.


! LaTeX Error: \algorithmicwhile undefined.

See the LaTeX manual or LaTeX Companion for explanation.
Type  H <return>  for immediate help.
 ...                                              
                                                  
l.11 \renewcommand{\algorithmicwhile}
                                     {{تا وقتی}}
Try typing  <return>  to proceed.
If that doesn't work, type  X <return>  to quit.


! LaTeX Error: \algorithmicdo undefined.

See the LaTeX manual or LaTeX Companion for explanation.
Type  H <return>  for immediate help.
 ...                                              
                                                  
l.12 \renewcommand{\algorithmicdo}
                                  {\hspace{-.2em}:}
Try typing  <return>  to proceed.
If that doesn't work, type  X <return>  to quit.


! LaTeX Error: \algorithmicif undefined.

See the LaTeX manual or LaTeX Companion for explanation.
Type  H <return>  for immediate help.
 ...                                              
                                                  
l.13 \renewcommand{\algorithmicif}
                                  {{اگر}}
Try typing  <return>  to proceed.
If that doesn't work, type  X <return>  to quit.


! LaTeX Error: \algorithmicthen undefined.

See the LaTeX manual or LaTeX Companion for explanation.
Type  H <return>  for immediate help.
 ...                                              
                                                  
l.14 \renewcommand{\algorithmicthen}
                                    {\hspace{-.2em}:}
Try typing  <return>  to proceed.
If that doesn't work, type  X <return>  to quit.


! LaTeX Error: \algorithmicelse undefined.

See the LaTeX manual or LaTeX Companion for explanation.
Type  H <return>  for immediate help.
 ...                                              
                                                  
l.15 \renewcommand{\algorithmicelse}
                                    {{در غیر این صورت:}}
Try typing  <return>  to proceed.
If that doesn't work, type  X <return>  to quit.


! LaTeX Error: \algorithmicreturn undefined.

See the LaTeX manual or LaTeX Companion for explanation.
Type  H <return>  for immediate help.
 ...                                              
                                                  
l.17 \renewcommand{\algorithmicreturn}
                                      {{برگردان}}
Try typing  <return>  to proceed.
If that doesn't work, type  X <return>  to quit.


! LaTeX Error: \algorithmiccomment undefined.

See the LaTeX manual or LaTeX Companion for explanation.
Type  H <return>  for immediate help.
 ...                                              
                                                  
l.18 \renewcommand{\algorithmiccomment}
                                       [1]{$\triangleleft$ \emph{#1}}
Try typing  <return>  to proceed.
If that doesn't work, type  X <return>  to quit.


! LaTeX Error: \algorithmicrequire undefined.

See the LaTeX manual or LaTeX Companion for explanation.
Type  H <return>  for immediate help.
 ...                                              
                                                  
l.19 \renewcommand{\algorithmicrequire}
                                       {\textbf{ورودی:}}
Try typing  <return>  to proceed.
If that doesn't work, type  X <return>  to quit.


! LaTeX Error: \algorithmicensure undefined.

See the LaTeX manual or LaTeX Companion for explanation.
Type  H <return>  for immediate help.
 ...                                              
                                                  
l.20 \renewcommand{\algorithmicensure}
                                      {\textbf{خروجی:}}
Try typing  <return>  to proceed.
If that doesn't work, type  X <return>  to quit.


! LaTeX Error: Missing \begin{document}.

See the LaTeX manual or LaTeX Companion for explanation.
Type  H <return>  for immediate help.
 ...                                              
                                                  
l.25 \newcommand{\پایان‌اگر}{\EndIf}
                                              
You're in trouble here.  Try typing  <return>  to proceed.
If that doesn't work, type  X <return>  to quit.

Missing character: There is no ‌ in font nullfont!
Missing character: There is no ا in font nullfont!
Missing character: There is no گ in font nullfont!
Missing character: There is no ر in font nullfont!
! Missing number, treated as zero.
<to be read again> 
                   ا
l.25 \newcommand{\پایان‌اگر}{\EndIf}
                                              
A number should have been here; I inserted `0'.
(If you can't figure out why I needed to see a number,
look up `weird error' in the index to The TeXbook.)

! You already have nine parameters.
\reserved@a ...ndafter \پایان \reserved@b #10
                                                  ا{
l.25 \newcommand{\پایان‌اگر}{\EndIf}
                                              
I'm going to ignore the # sign you just used.

! Undefined control sequence.
<argument> \EndIf 
                  
l.25 \newcommand{\پایان‌اگر}{\EndIf}
                                              
The control sequence at the end of the top line
of your error message was never \def'ed. If you have
misspelled it (e.g., `\hobx'), type `I' and the correct
spelling (e.g., `I\hbox'). Otherwise just continue,
and I'll forget about whatever was undefined.

Missing character: There is no ‌ in font nullfont!
Missing character: There is no ا in font nullfont!
Missing character: There is no ز in font nullfont!
Missing character: There is no ا in font nullfont!
Missing character: There is no ی in font nullfont!
! Missing number, treated as zero.
<to be read again> 
                   ا
l.26 \newcommand{\به‌ازای}{\For}
                                        
A number should have been here; I inserted `0'.
(If you can't figure out why I needed to see a number,
look up `weird error' in the index to The TeXbook.)

! You already have nine parameters.
\reserved@a ... \expandafter \به \reserved@b #10
                                                  ا{
l.26 \newcommand{\به‌ازای}{\For}
                                        
I'm going to ignore the # sign you just used.

! Undefined control sequence.
<argument> \For 
                
l.26 \newcommand{\به‌ازای}{\For}
                                        
The control sequence at the end of the top line
of your error message was never \def'ed. If you have
misspelled it (e.g., `\hobx'), type `I' and the correct
spelling (e.g., `I\hbox'). Otherwise just continue,
and I'll forget about whatever was undefined.

Missing character: There is no ‌ in font nullfont!
Missing character: There is no ب in font nullfont!
Missing character: There is no ه in font nullfont!
Missing character: There is no ‌ in font nullfont!
Missing character: There is no ا in font nullfont!
Missing character: There is no ز in font nullfont!
Missing character: There is no ا in font nullfont!
Missing character: There is no ی in font nullfont!
! Missing number, treated as zero.
<to be read again> 
                   ب
l.27 ...nd{\پایان‌به‌ازای}{\EndFor}
                                                  
A number should have been here; I inserted `0'.
(If you can't figure out why I needed to see a number,
look up `weird error' in the index to The TeXbook.)

! You already have nine parameters.
\reserved@a ...ndafter \پایان \reserved@b #10
                                                  ب{
l.27 ...nd{\پایان‌به‌ازای}{\EndFor}
                                                  
I'm going to ignore the # sign you just used.

! Undefined control sequence.
<argument> \EndFor 
                   
l.27 ...nd{\پایان‌به‌ازای}{\EndFor}
                                                  
The control sequence at the end of the top line
of your error message was never \def'ed. If you have
misspelled it (e.g., `\hobx'), type `I' and the correct
spelling (e.g., `I\hbox'). Otherwise just continue,
and I'll forget about whatever was undefined.

Missing character: There is no ‌ in font nullfont!
Missing character: There is no ت in font nullfont!
Missing character: There is no ا in font nullfont!
Missing character: There is no و in font nullfont!
Missing character: There is no ق in font nullfont!
Missing character: There is no ت in font nullfont!
Missing character: There is no ی in font nullfont!
! Missing number, treated as zero.
<to be read again> 
                   ت
l.29 ...and{\پایان‌تاوقتی}{\EndWhile}
                                                  
A number should have been here; I inserted `0'.
(If you can't figure out why I needed to see a number,
look up `weird error' in the index to The TeXbook.)

! You already have nine parameters.
\reserved@a ...ndafter \پایان \reserved@b #10
                                                  ت{
l.29 ...and{\پایان‌تاوقتی}{\EndWhile}
                                                  
I'm going to ignore the # sign you just used.

! Undefined control sequence.
<argument> \EndWhile 
                     
l.29 ...and{\پایان‌تاوقتی}{\EndWhile}
                                                  
The control sequence at the end of the top line
of your error message was never \def'ed. If you have
misspelled it (e.g., `\hobx'), type `I' and the correct
spelling (e.g., `I\hbox'). Otherwise just continue,
and I'll forget about whatever was undefined.


! LaTeX Error: \ورودی undefined.

See the LaTeX manual or LaTeX Companion for explanation.
Type  H <return>  for immediate help.
 ...                                              
                                                  
l.34 \renewcommand{\ورودی}
                               {\Require}
Try typing  <return>  to proceed.
If that doesn't work, type  X <return>  to quit.

)
! Emergency stop.
<*> alg-fa.tex
              
*** (job aborted, no legal \end found)

 
Here is how much of TeX's memory you used:
 42 strings out of 494004
 347 string characters out of 3150890
 48089 words of memory out of 3000000
 3405 multiletter control sequences out of 15000+200000
 3640 words of font info for 14 fonts, out of 3000000 for 9000
 1144 hyphenation exceptions out of 8191
 9i,0n,10p,118b,14s stack positions out of 5000i,500n,10000p,200000b,50000s
No pages of output.
